p/8607578325.jpg 1 0 0 50 50
p/8545445934.jpg 1 0 0 50 50
p/8514092991.jpg 1 0 0 50 50
p/8513351492.jpg 1 0 0 50 50
p/8500918143.jpg 1 0 0 50 50
p/8491344290.jpg 1 0 0 50 50
p/8464223978.jpg 1 0 0 50 50
p/8444256288.jpg 1 0 0 50 50
p/8423694678.jpg 1 0 0 50 50
p/8411692501.jpg 1 0 0 50 50
p/8411691147.jpg 1 0 0 50 50
p/8411690707.jpg 1 0 0 50 50
p/8368088219.jpg 1 0 0 50 50
p/8361168156.jpg 1 0 0 50 50
p/8341628911.jpg 1 0 0 50 50
p/8338374826.jpg 1 0 0 50 50
p/8325256543.jpg 1 0 0 50 50
p/8213137916.jpg 1 0 0 50 50
p/8190772227.jpg 1 0 0 50 50
p/8163363730.jpg 1 0 0 50 50
p/8131607933.jpg 1 0 0 50 50
p/8118310639.jpg 1 0 0 50 50
p/8098896723.jpg 1 0 0 50 50
p/8090497510.jpg 1 0 0 50 50
p/8075346361.jpg 1 0 0 50 50
p/8069420003.jpg 1 0 0 50 50
p/8069414896.jpg 1 0 0 50 50
p/8060734211.jpg 1 0 0 50 50
p/8025266482.jpg 1 0 0 50 50
p/8025266380.jpg 1 0 0 50 50
p/7987360654.jpg 1 0 0 50 50
p/7987356173.jpg 1 0 0 50 50
p/7987355323.jpg 1 0 0 50 50
p/7799902834.jpg 1 0 0 50 50
p/7786591256.jpg 1 0 0 50 50
p/7760787190.jpg 1 0 0 50 50
p/7756541956.jpg 1 0 0 50 50
p/7755076958.jpg 1 0 0 50 50
p/7722083540.jpg 1 0 0 50 50
p/7721827580.jpg 1 0 0 50 50
p/7650771950.jpg 1 0 0 50 50
p/7647623472.jpg 1 0 0 50 50
p/7647621830.jpg 1 0 0 50 50
p/7611377044.jpg 1 0 0 50 50
p/7570666340.jpg 1 0 0 50 50
p/7428038442.jpg 1 0 0 50 50
p/7410167470.jpg 1 0 0 50 50
p/7363580552.jpg 1 0 0 50 50
p/7383913852.jpg 1 0 0 50 50
p/7337078090.jpg 1 0 0 50 50
p/7303366830.jpg 1 0 0 50 50
p/7298093188.jpg 1 0 0 50 50
p/7273645896.jpg 1 0 0 50 50
p/7271620264.jpg 1 0 0 50 50
p/7234800508.jpg 1 0 0 50 50
p/7168712061.jpg 1 0 0 50 50
p/7138251361.jpg 1 0 0 50 50
p/7166847624.jpg 1 0 0 50 50
p/7138251095.jpg 1 0 0 50 50
p/7045235251.jpg 1 0 0 50 50
p/7014211605.jpg 1 0 0 50 50
p/7003034344.jpg 1 0 0 50 50
p/6986702102.jpg 1 0 0 50 50
p/6960550035.jpg 1 0 0 50 50
p/6921825932.jpg 1 0 0 50 50
p/6948386248.jpg 1 0 0 50 50
p/6891378895.jpg 1 0 0 50 50
p/6885902147.jpg 1 0 0 50 50
p/6841368462.jpg 1 0 0 50 50
p/6841367286.jpg 1 0 0 50 50
p/6837645859.jpg 1 0 0 50 50
p/6837106991.jpg 1 0 0 50 50
p/6830042467.jpg 1 0 0 50 50
p/6835960349.jpg 1 0 0 50 50
p/6824644470.jpg 1 0 0 50 50
p/6819399557.jpg 1 0 0 50 50
p/6817451002.jpg 1 0 0 50 50
p/6813837634.jpg 1 0 0 50 50
p/6794206860.jpg 1 0 0 50 50
p/6767754163.jpg 1 0 0 50 50
p/6776345711.jpg 1 0 0 50 50
p/6765686627.jpg 1 0 0 50 50
p/6721836861.jpg 1 0 0 50 50
p/6714763895.jpg 1 0 0 50 50
p/6713278299.jpg 1 0 0 50 50
p/6682607075.jpg 1 0 0 50 50
p/6681902163.jpg 1 0 0 50 50
p/6669376223.jpg 1 0 0 50 50
p/6668341251.jpg 1 0 0 50 50
p/6647601081.jpg 1 0 0 50 50
p/6643077991.jpg 1 0 0 50 50
p/6531115381.jpg 1 0 0 50 50
p/6467441155.jpg 1 0 0 50 50
p/6491332513.jpg 1 0 0 50 50
p/6455294467.jpg 1 0 0 50 50
p/6453582873.jpg 1 0 0 50 50
p/6405200931.jpg 1 0 0 50 50
p/6399558785.jpg 1 0 0 50 50
p/6352555653.jpg 1 0 0 50 50
p/6344737514.jpg 1 0 0 50 50
p/6327195024.jpg 1 0 0 50 50
p/6299193980.jpg 1 0 0 50 50
p/6291589942.jpg 1 0 0 50 50
p/6272955084.jpg 1 0 0 50 50
p/6284607378.jpg 1 0 0 50 50
p/6269084550.jpg 1 0 0 50 50
p/6241755473.jpg 1 0 0 50 50
p/6231977711.jpg 1 0 0 50 50
p/6217544326.jpg 1 0 0 50 50
p/6214723086.jpg 1 0 0 50 50
p/6204182789.jpg 1 0 0 50 50
p/6186225729.jpg 1 0 0 50 50
p/6175323805.jpg 1 0 0 50 50
p/6174725822.jpg 1 0 0 50 50
p/6144285362.jpg 1 0 0 50 50
p/6140236042.jpg 1 0 0 50 50
p/6105160267.jpg 1 0 0 50 50
p/6137755842.jpg 1 0 0 50 50
p/6026587711.jpg 1 0 0 50 50
p/6019645411.jpg 1 0 0 50 50
p/6005821048.jpg 1 0 0 50 50
p/6005820454.jpg 1 0 0 50 50
p/6005816286.jpg 1 0 0 50 50
p/6005815348.jpg 1 0 0 50 50
p/6005278305.jpg 1 0 0 50 50
p/6005277613.jpg 1 0 0 50 50
p/6005266989.jpg 1 0 0 50 50
p/5997448958.jpg 1 0 0 50 50
p/5988887589.jpg 1 0 0 50 50
p/5967351207.jpg 1 0 0 50 50
p/5970767430.jpg 1 0 0 50 50
p/5962811259.jpg 1 0 0 50 50
p/5933147737.jpg 1 0 0 50 50
p/5906533564.jpg 1 0 0 50 50
p/5890102923.jpg 1 0 0 50 50
p/5888662768.jpg 1 0 0 50 50
p/5853797954.jpg 1 0 0 50 50
p/5830600912.jpg 1 0 0 50 50
p/5777220850.jpg 1 0 0 50 50
p/5645646247.jpg 1 0 0 50 50
p/5718467838.jpg 1 0 0 50 50
p/5631046865.jpg 1 0 0 50 50
p/5624343004.jpg 1 0 0 50 50
p/5623756117.jpg 1 0 0 50 50
p/5611456669.jpg 1 0 0 50 50
p/5591719618.jpg 1 0 0 50 50
p/5575537574.jpg 1 0 0 50 50
p/5573054768.jpg 1 0 0 50 50
p/5560764470.jpg 1 0 0 50 50
p/5560746302.jpg 1 0 0 50 50
p/5547396325.jpg 1 0 0 50 50
p/5544718881.jpg 1 0 0 50 50
p/5544532308.jpg 1 0 0 50 50
p/5544532292.jpg 1 0 0 50 50
p/5544532274.jpg 1 0 0 50 50
p/5529011898.jpg 1 0 0 50 50
p/5528860245.jpg 1 0 0 50 50
p/5513365924.jpg 1 0 0 50 50
p/5513369568.jpg 1 0 0 50 50
p/5513342118.jpg 1 0 0 50 50
p/5513354020.jpg 1 0 0 50 50
p/5513338726.jpg 1 0 0 50 50
p/5513336896.jpg 1 0 0 50 50
p/5512785777.jpg 1 0 0 50 50
p/5512775847.jpg 1 0 0 50 50
p/5512760809.jpg 1 0 0 50 50
p/5512745539.jpg 1 0 0 50 50
p/5502274601.jpg 1 0 0 50 50
p/5483083501.jpg 1 0 0 50 50
p/5465024889.jpg 1 0 0 50 50
p/5423960920.jpg 1 0 0 50 50
p/5407460973.jpg 1 0 0 50 50
p/5390258900.jpg 1 0 0 50 50
p/5397107790.jpg 1 0 0 50 50
p/5375557852.jpg 1 0 0 50 50
p/5372786256.jpg 1 0 0 50 50
p/5372184603.jpg 1 0 0 50 50
p/5372184507.jpg 1 0 0 50 50
p/5372184467.jpg 1 0 0 50 50
p/5368087264.jpg 1 0 0 50 50
p/5367923840.jpg 1 0 0 50 50
p/5367791679.jpg 1 0 0 50 50
p/5359583549.jpg 1 0 0 50 50
p/5338522524.jpg 1 0 0 50 50
p/5314892616.jpg 1 0 0 50 50
p/5297625447.jpg 1 0 0 50 50
p/5311019376.jpg 1 0 0 50 50
p/5275590792.jpg 1 0 0 50 50
p/5234743463.jpg 1 0 0 50 50
p/5234134331.jpg 1 0 0 50 50
p/5234067056.jpg 1 0 0 50 50
p/5231311578.jpg 1 0 0 50 50
p/5181911731.jpg 1 0 0 50 50
p/5174545546.jpg 1 0 0 50 50
p/5172241417.jpg 1 0 0 50 50
p/5153432887.jpg 1 0 0 50 50
p/5148518894.jpg 1 0 0 50 50
p/5147949699.jpg 1 0 0 50 50
p/5139255155.jpg 1 0 0 50 50
p/5142023878.jpg 1 0 0 50 50
p/5107179136.jpg 1 0 0 50 50
p/5094979370.jpg 1 0 0 50 50
p/5059010966.jpg 1 0 0 50 50
p/5058918088.jpg 1 0 0 50 50
p/5056211922.jpg 1 0 0 50 50
p/5055428591.jpg 1 0 0 50 50
p/5054771194.jpg 1 0 0 50 50
p/4970734139.jpg 1 0 0 50 50
p/4971492145.jpg 1 0 0 50 50
p/4966116406.jpg 1 0 0 50 50
p/4951414561.jpg 1 0 0 50 50
p/4945080370.jpg 1 0 0 50 50
p/4916540012.jpg 1 0 0 50 50
p/4913688661.jpg 1 0 0 50 50
p/4894823597.jpg 1 0 0 50 50
p/4902370524.jpg 1 0 0 50 50
p/4886112488.jpg 1 0 0 50 50
p/4864638500.jpg 1 0 0 50 50
p/4841974685.jpg 1 0 0 50 50
p/4852884381.jpg 1 0 0 50 50
p/4837002109.jpg 1 0 0 50 50
p/4827559057.jpg 1 0 0 50 50
p/4824484451.jpg 1 0 0 50 50
p/4822402317.jpg 1 0 0 50 50
p/4819057217.jpg 1 0 0 50 50
p/4809995592.jpg 1 0 0 50 50
p/4814242100.jpg 1 0 0 50 50
p/4777455883.jpg 1 0 0 50 50
p/4773264330.jpg 1 0 0 50 50
p/4770654808.jpg 1 0 0 50 50
p/4758749263.jpg 1 0 0 50 50
p/4740715717.jpg 1 0 0 50 50
p/4712770594.jpg 1 0 0 50 50
p/4707997689.jpg 1 0 0 50 50
p/4672633496.jpg 1 0 0 50 50
p/4649521238.jpg 1 0 0 50 50
p/4648159171.jpg 1 0 0 50 50
p/4600376286.jpg 1 0 0 50 50
p/4601000979.jpg 1 0 0 50 50
p/4572395638.jpg 1 0 0 50 50
p/4540257370.jpg 1 0 0 50 50
p/4517594692.jpg 1 0 0 50 50
p/4517112338.jpg 1 0 0 50 50
p/4486218110.jpg 1 0 0 50 50
p/4451366740.jpg 1 0 0 50 50
p/4449555281.jpg 1 0 0 50 50
p/4435149223.jpg 1 0 0 50 50
p/4437937772.jpg 1 0 0 50 50
p/4435145333.jpg 1 0 0 50 50
p/4431834988.jpg 1 0 0 50 50
p/4415308379.jpg 1 0 0 50 50
p/4386870088.jpg 1 0 0 50 50
p/4379607874.jpg 1 0 0 50 50
p/4366453643.jpg 1 0 0 50 50
p/4342530082.jpg 1 0 0 50 50
p/4328220550.jpg 1 0 0 50 50
p/4325094858.jpg 1 0 0 50 50
p/4323944569.jpg 1 0 0 50 50
p/4321464292.jpg 1 0 0 50 50
p/4320443257.jpg 1 0 0 50 50
p/4303771891.jpg 1 0 0 50 50
p/4303764827.jpg 1 0 0 50 50
p/4296668938.jpg 1 0 0 50 50
p/4223554509.jpg 1 0 0 50 50
p/4260442342.jpg 1 0 0 50 50
p/4221927723.jpg 1 0 0 50 50
p/4197559386.jpg 1 0 0 50 50
p/4195617143.jpg 1 0 0 50 50
p/4192365189.jpg 1 0 0 50 50
p/4189242662.jpg 1 0 0 50 50
p/4158030786.jpg 1 0 0 50 50
p/4156672688.jpg 1 0 0 50 50
p/4156910344.jpg 1 0 0 50 50
p/4145506918.jpg 1 0 0 50 50
p/4141791087.jpg 1 0 0 50 50
p/4139088270.jpg 1 0 0 50 50
p/4136644556.jpg 1 0 0 50 50
p/4135826878.jpg 1 0 0 50 50
p/4129335863.jpg 1 0 0 50 50
p/4122409416.jpg 1 0 0 50 50
p/4106858014.jpg 1 0 0 50 50
p/4103049692.jpg 1 0 0 50 50
p/4103049860.jpg 1 0 0 50 50
p/4102291621.jpg 1 0 0 50 50
p/4102291599.jpg 1 0 0 50 50
p/4047253409.jpg 1 0 0 50 50
p/4028371602.jpg 1 0 0 50 50
p/4027618433.jpg 1 0 0 50 50
p/3975499733.jpg 1 0 0 50 50
p/3947525128.jpg 1 0 0 50 50
p/3940461529.jpg 1 0 0 50 50
p/3877420325.jpg 1 0 0 50 50
p/3928024969.jpg 1 0 0 50 50
p/3850974496.jpg 1 0 0 50 50
p/3864259550.jpg 1 0 0 50 50
p/3846440495.jpg 1 0 0 50 50
p/3833092453.jpg 1 0 0 50 50
p/3817952806.jpg 1 0 0 50 50
p/3815872664.jpg 1 0 0 50 50
p/3804576956.jpg 1 0 0 50 50
p/3796831910.jpg 1 0 0 50 50
p/3791271527.jpg 1 0 0 50 50
p/3770368465.jpg 1 0 0 50 50
p/3785158109.jpg 1 0 0 50 50
p/3749612107.jpg 1 0 0 50 50
p/3745221011.jpg 1 0 0 50 50
p/3735294710.jpg 1 0 0 50 50
p/3731021274.jpg 1 0 0 50 50
p/3704172193.jpg 1 0 0 50 50
p/3704024167.jpg 1 0 0 50 50
p/3682251554.jpg 1 0 0 50 50
p/3635413470.jpg 1 0 0 50 50
p/3640453852.jpg 1 0 0 50 50
p/3628741583.jpg 1 0 0 50 50
p/3610208129.jpg 1 0 0 50 50
p/3592924663.jpg 1 0 0 50 50
p/3550419367.jpg 1 0 0 50 50
p/3544282203.jpg 1 0 0 50 50
p/3521634710.jpg 1 0 0 50 50
p/3510999236.jpg 1 0 0 50 50
p/3521634594.jpg 1 0 0 50 50
p/3505600738.jpg 1 0 0 50 50
p/3463702465.jpg 1 0 0 50 50
p/3443212852.jpg 1 0 0 50 50
p/3422782372.jpg 1 0 0 50 50
p/3401066394.jpg 1 0 0 50 50
p/3392477489.jpg 1 0 0 50 50
p/3350425583.jpg 1 0 0 50 50
p/3348287304.jpg 1 0 0 50 50
p/3343172328.jpg 1 0 0 50 50
p/3343482842.jpg 1 0 0 50 50
p/3339695908.jpg 1 0 0 50 50
p/3338315617.jpg 1 0 0 50 50
p/3289424193.jpg 1 0 0 50 50
p/3288423857.jpg 1 0 0 50 50
p/3265477462.jpg 1 0 0 50 50
p/3244572477.jpg 1 0 0 50 50
p/3199196055.jpg 1 0 0 50 50
p/3194654171.jpg 1 0 0 50 50
p/3173477351.jpg 1 0 0 50 50
p/3172755291.jpg 1 0 0 50 50
p/3172478218.jpg 1 0 0 50 50
p/3140143177.jpg 1 0 0 50 50
p/3128537485.jpg 1 0 0 50 50
p/3124694288.jpg 1 0 0 50 50
p/3123326026.jpg 1 0 0 50 50
p/3111494485.jpg 1 0 0 50 50
p/3105448331.jpg 1 0 0 50 50
p/3092293790.jpg 1 0 0 50 50
p/3088942376.jpg 1 0 0 50 50
p/3065731205.jpg 1 0 0 50 50
p/3081108458.jpg 1 0 0 50 50
p/3062953986.jpg 1 0 0 50 50
p/3060964174.jpg 1 0 0 50 50
p/3060941012.jpg 1 0 0 50 50
p/3060107049.jpg 1 0 0 50 50
p/3060105869.jpg 1 0 0 50 50
p/3060105507.jpg 1 0 0 50 50
p/3060105431.jpg 1 0 0 50 50
p/3060105081.jpg 1 0 0 50 50
p/3060104397.jpg 1 0 0 50 50
p/3055262524.jpg 1 0 0 50 50
p/3060104239.jpg 1 0 0 50 50
p/3030245999.jpg 1 0 0 50 50
p/3018154044.jpg 1 0 0 50 50
p/2954321831.jpg 1 0 0 50 50
p/2966014305.jpg 1 0 0 50 50
p/2937075687.jpg 1 0 0 50 50
p/2896969981.jpg 1 0 0 50 50
p/2881465867.jpg 1 0 0 50 50
p/2879104788.jpg 1 0 0 50 50
p/2844122168.jpg 1 0 0 50 50
p/2837140581.jpg 1 0 0 50 50
p/2836043527.jpg 1 0 0 50 50
p/2819832468.jpg 1 0 0 50 50
p/2789127822.jpg 1 0 0 50 50
p/2786795225.jpg 1 0 0 50 50
p/277250486.jpg 1 0 0 50 50
p/2745263992.jpg 1 0 0 50 50
p/2744428081.jpg 1 0 0 50 50
p/2744428933.jpg 1 0 0 50 50
p/2726167601.jpg 1 0 0 50 50
p/2744426285.jpg 1 0 0 50 50
p/2717815015.jpg 1 0 0 50 50
p/2693391440.jpg 1 0 0 50 50
p/263236337.jpg 1 0 0 50 50
p/2653938663.jpg 1 0 0 50 50
p/2627795229.jpg 1 0 0 50 50
p/2603460172.jpg 1 0 0 50 50
p/2601699301.jpg 1 0 0 50 50
p/257308446.jpg 1 0 0 50 50
p/256998822.jpg 1 0 0 50 50
p/256870364.jpg 1 0 0 50 50
p/252385949.jpg 1 0 0 50 50
p/252385946.jpg 1 0 0 50 50
p/252385944.jpg 1 0 0 50 50
p/232072232.jpg 1 0 0 50 50
p/22085647729.jpg 1 0 0 50 50
p/230249155.jpg 1 0 0 50 50
p/21989807015.jpg 1 0 0 50 50
p/20827654560.jpg 1 0 0 50 50
p/20182453238.jpg 1 0 0 50 50
p/195679557.jpg 1 0 0 50 50
p/185483277.jpg 1 0 0 50 50
p/185483276.jpg 1 0 0 50 50
p/185483275.jpg 1 0 0 50 50
p/185483272.jpg 1 0 0 50 50
p/185480563.jpg 1 0 0 50 50
p/185480562.jpg 1 0 0 50 50
p/185480560.jpg 1 0 0 50 50
p/185476716.jpg 1 0 0 50 50
p/185476717.jpg 1 0 0 50 50
p/185476715.jpg 1 0 0 50 50
p/185476713.jpg 1 0 0 50 50
p/185476714.jpg 1 0 0 50 50
p/185476712.jpg 1 0 0 50 50
p/182089845.jpg 1 0 0 50 50
p/178561605.jpg 1 0 0 50 50
p/164791435.jpg 1 0 0 50 50
p/164791433.jpg 1 0 0 50 50
p/164791430.jpg 1 0 0 50 50
p/164791427.jpg 1 0 0 50 50
p/151591414.jpg 1 0 0 50 50
p/151059913.jpg 1 0 0 50 50
p/151059911.jpg 1 0 0 50 50
p/151059909.jpg 1 0 0 50 50
p/151057287.jpg 1 0 0 50 50
p/151054323.jpg 1 0 0 50 50
p/151054322.jpg 1 0 0 50 50
p/151054321.jpg 1 0 0 50 50
p/151054320.jpg 1 0 0 50 50
p/151054318.jpg 1 0 0 50 50
p/151054317.jpg 1 0 0 50 50
p/148218814.jpg 1 0 0 50 50
p/148717157.jpg 1 0 0 50 50
p/148218813.jpg 1 0 0 50 50
p/148218812.jpg 1 0 0 50 50
p/148188485.jpg 1 0 0 50 50