p/9936514636.jpg 1 0 0 50 50
p/9932506826.jpg 1 0 0 50 50
p/9916029325.jpg 1 0 0 50 50
p/9903972953.jpg 1 0 0 50 50
p/9848096543.jpg 1 0 0 50 50
p/9770778151.jpg 1 0 0 50 50
p/9762500304.jpg 1 0 0 50 50
p/9738954173.jpg 1 0 0 50 50
p/9721689551.jpg 1 0 0 50 50
p/9719660851.jpg 1 0 0 50 50
p/9683557030.jpg 1 0 0 50 50
p/9661117576.jpg 1 0 0 50 50
p/9624427986.jpg 1 0 0 50 50
p/9622518806.jpg 1 0 0 50 50
p/9614016607.jpg 1 0 0 50 50
p/9607638189.jpg 1 0 0 50 50
p/9596991426.jpg 1 0 0 50 50
p/9596166537.jpg 1 0 0 50 50
p/9573075197.jpg 1 0 0 50 50
p/9555361245.jpg 1 0 0 50 50
p/9544972119.jpg 1 0 0 50 50
p/9520101224.jpg 1 0 0 50 50
p/9493587720.jpg 1 0 0 50 50
p/9476699563.jpg 1 0 0 50 50
p/9473659864.jpg 1 0 0 50 50
p/9452981139.jpg 1 0 0 50 50
p/9437045126.jpg 1 0 0 50 50
p/9368788442.jpg 1 0 0 50 50
p/933363448.jpg 1 0 0 50 50
p/9314653889.jpg 1 0 0 50 50
p/9233991007.jpg 1 0 0 50 50
p/9215855900.jpg 1 0 0 50 50
p/9213078141.jpg 1 0 0 50 50
p/9171025725.jpg 1 0 0 50 50
p/9146349119.jpg 1 0 0 50 50
p/9116176318.jpg 1 0 0 50 50
p/9089177863.jpg 1 0 0 50 50
p/9049425586.jpg 1 0 0 50 50
p/9048367276.jpg 1 0 0 50 50
p/9042071606.jpg 1 0 0 50 50
p/9016358027.jpg 1 0 0 50 50
p/8956972971.jpg 1 0 0 50 50
p/8935750442.jpg 1 0 0 50 50
p/8891870559.jpg 1 0 0 50 50
p/8811058910.jpg 1 0 0 50 50
p/8785530107.jpg 1 0 0 50 50
p/8757996494.jpg 1 0 0 50 50
p/8740052025.jpg 1 0 0 50 50
p/8734926676.jpg 1 0 0 50 50
p/8730303183.jpg 1 0 0 50 50
p/8721234926.jpg 1 0 0 50 50
p/8718713993.jpg 1 0 0 50 50
p/8717722281.jpg 1 0 0 50 50
p/8697275518.jpg 1 0 0 50 50
p/86942472.jpg 1 0 0 50 50
p/8640620847.jpg 1 0 0 50 50
p/8639288692.jpg 1 0 0 50 50
p/8601771592.jpg 1 0 0 50 50
p/8592679978.jpg 1 0 0 50 50
p/8587911123.jpg 1 0 0 50 50
p/8584577915.jpg 1 0 0 50 50
p/8572984530.jpg 1 0 0 50 50
p/8553340276.jpg 1 0 0 50 50
p/8551190386.jpg 1 0 0 50 50
p/8544764929.jpg 1 0 0 50 50
p/8520905282.jpg 1 0 0 50 50
p/8520480454.jpg 1 0 0 50 50
p/8511898633.jpg 1 0 0 50 50
p/8510754046.jpg 1 0 0 50 50
p/8504011859.jpg 1 0 0 50 50
p/8490552926.jpg 1 0 0 50 50
p/8485288888.jpg 1 0 0 50 50
p/8459712937.jpg 1 0 0 50 50
p/8459695634.jpg 1 0 0 50 50
p/8457631868.jpg 1 0 0 50 50
p/8444181408.jpg 1 0 0 50 50
p/8443633208.jpg 1 0 0 50 50
p/8412628768.jpg 1 0 0 50 50
p/8393487348.jpg 1 0 0 50 50
p/8384569181.jpg 1 0 0 50 50
p/8376540467.jpg 1 0 0 50 50
p/8362510668.jpg 1 0 0 50 50
p/8353533693.jpg 1 0 0 50 50
p/8318169686.jpg 1 0 0 50 50
p/8316980773.jpg 1 0 0 50 50
p/8312774096.jpg 1 0 0 50 50
p/8298101176.jpg 1 0 0 50 50
p/8295214029.jpg 1 0 0 50 50
p/8265442109.jpg 1 0 0 50 50
p/8238728059.jpg 1 0 0 50 50
p/8235064894.jpg 1 0 0 50 50
p/8225057454.jpg 1 0 0 50 50
p/8213493796.jpg 1 0 0 50 50
p/8198668097.jpg 1 0 0 50 50
p/8195764344.jpg 1 0 0 50 50
p/8176452773.jpg 1 0 0 50 50
p/8148539543.jpg 1 0 0 50 50
p/8131792034.jpg 1 0 0 50 50
p/8127117979.jpg 1 0 0 50 50
p/8118429555.jpg 1 0 0 50 50
p/8118427927.jpg 1 0 0 50 50
p/8118427511.jpg 1 0 0 50 50
p/8072673734.jpg 1 0 0 50 50
p/8069808244.jpg 1 0 0 50 50
p/8047267042.jpg 1 0 0 50 50
p/8045136732.jpg 1 0 0 50 50
p/8029363642.jpg 1 0 0 50 50
p/8017412358.jpg 1 0 0 50 50
p/8011781130.jpg 1 0 0 50 50
p/8006633949.jpg 1 0 0 50 50
p/7987816403.jpg 1 0 0 50 50
p/7960470024.jpg 1 0 0 50 50
p/7954968466.jpg 1 0 0 50 50
p/7944945856.jpg 1 0 0 50 50
p/7942698398.jpg 1 0 0 50 50
p/7875237952.jpg 1 0 0 50 50
p/7872456998.jpg 1 0 0 50 50
p/7871122608.jpg 1 0 0 50 50
p/7841099726.jpg 1 0 0 50 50
p/7837682840.jpg 1 0 0 50 50
p/7792201336.jpg 1 0 0 50 50
p/7752301730.jpg 1 0 0 50 50
p/7749616334.jpg 1 0 0 50 50
p/7669640762.jpg 1 0 0 50 50
p/7657346346.jpg 1 0 0 50 50
p/7624621948.jpg 1 0 0 50 50
p/7599879972.jpg 1 0 0 50 50
p/7523442844.jpg 1 0 0 50 50
p/7410214442.jpg 1 0 0 50 50
p/7406065030.jpg 1 0 0 50 50
p/7353928520.jpg 1 0 0 50 50
p/7338764154.jpg 1 0 0 50 50
p/7338467854.jpg 1 0 0 50 50
p/7308892458.jpg 1 0 0 50 50
p/7296413412.jpg 1 0 0 50 50
p/7225246380.jpg 1 0 0 50 50
p/7188356538.jpg 1 0 0 50 50
p/7185798232.jpg 1 0 0 50 50
p/7175894739.jpg 1 0 0 50 50
p/7166212176.jpg 1 0 0 50 50
p/7162912889.jpg 1 0 0 50 50
p/7162346667.jpg 1 0 0 50 50
p/7149187135.jpg 1 0 0 50 50
p/7123692403.jpg 1 0 0 50 50
p/7088044251.jpg 1 0 0 50 50
p/7085857989.jpg 1 0 0 50 50
p/7028436985.jpg 1 0 0 50 50
p/7025931069.jpg 1 0 0 50 50
p/7007937167.jpg 1 0 0 50 50
p/7005697904.jpg 1 0 0 50 50
p/698714521.jpg 1 0 0 50 50
p/6958866015.jpg 1 0 0 50 50
p/6950869601.jpg 1 0 0 50 50
p/6867701728.jpg 1 0 0 50 50
p/6862658630.jpg 1 0 0 50 50
p/6848180366.jpg 1 0 0 50 50
p/6845181677.jpg 1 0 0 50 50
p/6829099390.jpg 1 0 0 50 50
p/6818998571.jpg 1 0 0 50 50
p/6811677861.jpg 1 0 0 50 50
p/6779430182.jpg 1 0 0 50 50
p/6771428131.jpg 1 0 0 50 50
p/6765493165.jpg 1 0 0 50 50
p/6659602007.jpg 1 0 0 50 50
p/6586753109.jpg 1 0 0 50 50
p/6563679585.jpg 1 0 0 50 50
p/6547710525.jpg 1 0 0 50 50
p/6512040163.jpg 1 0 0 50 50
p/6451987311.jpg 1 0 0 50 50
p/6430413501.jpg 1 0 0 50 50
p/6414443037.jpg 1 0 0 50 50
p/6414062275.jpg 1 0 0 50 50
p/6411107535.jpg 1 0 0 50 50
p/6358179.jpg 1 0 0 50 50
p/6352067913.jpg 1 0 0 50 50
p/6333271491.jpg 1 0 0 50 50
p/6305946438.jpg 1 0 0 50 50
p/6298180290.jpg 1 0 0 50 50
p/6293949778.jpg 1 0 0 50 50
p/6280220250.jpg 1 0 0 50 50
p/6244891210.jpg 1 0 0 50 50
p/6241742928.jpg 1 0 0 50 50
p/6212532289.jpg 1 0 0 50 50
p/6137163943.jpg 1 0 0 50 50
p/6131822605.jpg 1 0 0 50 50
p/6125166302.jpg 1 0 0 50 50
p/6122713660.jpg 1 0 0 50 50
p/6090765187.jpg 1 0 0 50 50
p/6077991388.jpg 1 0 0 50 50
p/6076068314.jpg 1 0 0 50 50
p/6043618074.jpg 1 0 0 50 50
p/6022973092.jpg 1 0 0 50 50
p/5988620588.jpg 1 0 0 50 50
p/5986043401.jpg 1 0 0 50 50
p/5964274325.jpg 1 0 0 50 50
p/5961526009.jpg 1 0 0 50 50
p/5901604985.jpg 1 0 0 50 50
p/5868719076.jpg 1 0 0 50 50
p/5868055452.jpg 1 0 0 50 50
p/5858039142.jpg 1 0 0 50 50
p/5836659757.jpg 1 0 0 50 50
p/5831115743.jpg 1 0 0 50 50
p/5824519379.jpg 1 0 0 50 50
p/570574031.jpg 1 0 0 50 50
p/5699529216.jpg 1 0 0 50 50
p/5698552225.jpg 1 0 0 50 50
p/5669992200.jpg 1 0 0 50 50
p/5662287362.jpg 1 0 0 50 50
p/5659359605.jpg 1 0 0 50 50
p/5648867408.jpg 1 0 0 50 50
p/5627949032.jpg 1 0 0 50 50
p/5616455215.jpg 1 0 0 50 50
p/5615528310.jpg 1 0 0 50 50
p/5578887791.jpg 1 0 0 50 50
p/5578887773.jpg 1 0 0 50 50
p/5576879279.jpg 1 0 0 50 50
p/5566095547.jpg 1 0 0 50 50
p/5551072881.jpg 1 0 0 50 50
p/5548247022.jpg 1 0 0 50 50
p/5540940579.jpg 1 0 0 50 50
p/5520423271.jpg 1 0 0 50 50
p/5488540612.jpg 1 0 0 50 50
p/5478727979.jpg 1 0 0 50 50
p/5477196201.jpg 1 0 0 50 50
p/5476001089.jpg 1 0 0 50 50
p/5474320998.jpg 1 0 0 50 50
p/5456900223.jpg 1 0 0 50 50
p/5456025152.jpg 1 0 0 50 50
p/5452743147.jpg 1 0 0 50 50
p/5448813862.jpg 1 0 0 50 50
p/5429345548.jpg 1 0 0 50 50
p/541366139.jpg 1 0 0 50 50
p/5397090847.jpg 1 0 0 50 50
p/5386917948.jpg 1 0 0 50 50
p/5386221758.jpg 1 0 0 50 50
p/5384924161.jpg 1 0 0 50 50
p/5374822799.jpg 1 0 0 50 50
p/5362783952.jpg 1 0 0 50 50
p/5360187868.jpg 1 0 0 50 50
p/5360186688.jpg 1 0 0 50 50
p/5360185432.jpg 1 0 0 50 50
p/5360184276.jpg 1 0 0 50 50
p/5360144114.jpg 1 0 0 50 50
p/5360137174.jpg 1 0 0 50 50
p/5360131356.jpg 1 0 0 50 50
p/5360121928.jpg 1 0 0 50 50
p/5359580949.jpg 1 0 0 50 50
p/5359573867.jpg 1 0 0 50 50
p/5359571553.jpg 1 0 0 50 50
p/5359570861.jpg 1 0 0 50 50
p/5359527791.jpg 1 0 0 50 50
p/5359520911.jpg 1 0 0 50 50
p/5359516459.jpg 1 0 0 50 50
p/5348754504.jpg 1 0 0 50 50
p/5335587445.jpg 1 0 0 50 50
p/5327245107.jpg 1 0 0 50 50
p/5304638012.jpg 1 0 0 50 50
p/528669583.jpg 1 0 0 50 50
p/5262008910.jpg 1 0 0 50 50
p/5254614354.jpg 1 0 0 50 50
p/5237890296.jpg 1 0 0 50 50
p/5211626506.jpg 1 0 0 50 50
p/5160380732.jpg 1 0 0 50 50
p/5136727141.jpg 1 0 0 50 50
p/513577823.jpg 1 0 0 50 50
p/5132644123.jpg 1 0 0 50 50
p/5067985165.jpg 1 0 0 50 50
p/5056871643.jpg 1 0 0 50 50
p/4995844522.jpg 1 0 0 50 50
p/4913233834.jpg 1 0 0 50 50
p/490532861.jpg 1 0 0 50 50
p/486779798.jpg 1 0 0 50 50
p/485335364.jpg 1 0 0 50 50
p/4853070895.jpg 1 0 0 50 50
p/4839343609.jpg 1 0 0 50 50
p/4796164620.jpg 1 0 0 50 50
p/478175929.jpg 1 0 0 50 50
p/47810501321.jpg 1 0 0 50 50
p/47797746091.jpg 1 0 0 50 50
p/47783723171.jpg 1 0 0 50 50
p/47782308111.jpg 1 0 0 50 50
p/47777030352.jpg 1 0 0 50 50
p/47766296681.jpg 1 0 0 50 50
p/47762475192.jpg 1 0 0 50 50
p/47759430072.jpg 1 0 0 50 50
p/47759419042.jpg 1 0 0 50 50
p/47758445262.jpg 1 0 0 50 50
p/4774636476.jpg 1 0 0 50 50
p/47713467801.jpg 1 0 0 50 50
p/47642542122.jpg 1 0 0 50 50
p/47630294451.jpg 1 0 0 50 50
p/4758774418.jpg 1 0 0 50 50
p/47576017441.jpg 1 0 0 50 50
p/47523703512.jpg 1 0 0 50 50
p/47452970831.jpg 1 0 0 50 50
p/47422211101.jpg 1 0 0 50 50
p/47373757731.jpg 1 0 0 50 50
p/47355666561.jpg 1 0 0 50 50
p/47353059442.jpg 1 0 0 50 50
p/47288320361.jpg 1 0 0 50 50
p/47273619421.jpg 1 0 0 50 50
p/47237681222.jpg 1 0 0 50 50
p/47134704862.jpg 1 0 0 50 50
p/47097503432.jpg 1 0 0 50 50
p/47084581491.jpg 1 0 0 50 50
p/47067497784.jpg 1 0 0 50 50
p/47022152064.jpg 1 0 0 50 50
p/47021170664.jpg 1 0 0 50 50
p/47021166814.jpg 1 0 0 50 50
p/47021108404.jpg 1 0 0 50 50
p/47021108204.jpg 1 0 0 50 50
p/46989885964.jpg 1 0 0 50 50
p/46970631921.jpg 1 0 0 50 50
p/46923187501.jpg 1 0 0 50 50
p/46898642912.jpg 1 0 0 50 50
p/46898637021.jpg 1 0 0 50 50
p/46894189765.jpg 1 0 0 50 50
p/46894187045.jpg 1 0 0 50 50
p/46894137185.jpg 1 0 0 50 50
p/46878313024.jpg 1 0 0 50 50
p/46876680554.jpg 1 0 0 50 50
p/46848277534.jpg 1 0 0 50 50
p/46760689935.jpg 1 0 0 50 50
p/46755289002.jpg 1 0 0 50 50
p/46729258015.jpg 1 0 0 50 50
p/46699069434.jpg 1 0 0 50 50
p/46699006132.jpg 1 0 0 50 50
p/46685288565.jpg 1 0 0 50 50
p/46670550042.jpg 1 0 0 50 50
p/46640899315.jpg 1 0 0 50 50
p/46602506084.jpg 1 0 0 50 50
p/46601877744.jpg 1 0 0 50 50
p/46596232572.jpg 1 0 0 50 50
p/46576842185.jpg 1 0 0 50 50
p/46565228865.jpg 1 0 0 50 50
p/46498691672.jpg 1 0 0 50 50
p/46487932125.jpg 1 0 0 50 50
p/46458201562.jpg 1 0 0 50 50
p/4644609246.jpg 1 0 0 50 50
p/46398020204.jpg 1 0 0 50 50
p/46353856855.jpg 1 0 0 50 50
p/46301819722.jpg 1 0 0 50 50
p/46295210694.jpg 1 0 0 50 50
p/46273433785.jpg 1 0 0 50 50
p/46244932584.jpg 1 0 0 50 50
p/46228494185.jpg 1 0 0 50 50
p/46216989994.jpg 1 0 0 50 50
p/46171838615.jpg 1 0 0 50 50
p/4609056735.jpg 1 0 0 50 50
p/46053730852.jpg 1 0 0 50 50
p/4603876341.jpg 1 0 0 50 50
p/45977694051.jpg 1 0 0 50 50
p/45977301971.jpg 1 0 0 50 50
p/45959568875.jpg 1 0 0 50 50
p/45868743021.jpg 1 0 0 50 50
p/45866022591.jpg 1 0 0 50 50
p/45849334252.jpg 1 0 0 50 50
p/45823323711.jpg 1 0 0 50 50
p/4582140431.jpg 1 0 0 50 50
p/45817036422.jpg 1 0 0 50 50
p/45780360342.jpg 1 0 0 50 50
p/45729039532.jpg 1 0 0 50 50
p/45718742922.jpg 1 0 0 50 50
p/45705961311.jpg 1 0 0 50 50
p/45703699692.jpg 1 0 0 50 50
p/45696367801.jpg 1 0 0 50 50
p/45678183491.jpg 1 0 0 50 50
p/45638036221.jpg 1 0 0 50 50
p/45609542652.jpg 1 0 0 50 50
p/45589503081.jpg 1 0 0 50 50
p/45539995771.jpg 1 0 0 50 50
p/4552522240.jpg 1 0 0 50 50
p/45514283922.jpg 1 0 0 50 50
p/45464669861.jpg 1 0 0 50 50
p/45450021641.jpg 1 0 0 50 50
p/45442579595.jpg 1 0 0 50 50
p/45437851672.jpg 1 0 0 50 50
p/4536051315.jpg 1 0 0 50 50
p/45358847822.jpg 1 0 0 50 50
p/45358223651.jpg 1 0 0 50 50
p/45345469101.jpg 1 0 0 50 50
p/45308718052.jpg 1 0 0 50 50
p/45295002642.jpg 1 0 0 50 50
p/45292717922.jpg 1 0 0 50 50
p/45289924495.jpg 1 0 0 50 50
p/45265845512.jpg 1 0 0 50 50
p/45223910512.jpg 1 0 0 50 50
p/45185994874.jpg 1 0 0 50 50
p/45161046664.jpg 1 0 0 50 50
p/45131396791.jpg 1 0 0 50 50
p/45129989742.jpg 1 0 0 50 50
p/45112193374.jpg 1 0 0 50 50
p/45101890442.jpg 1 0 0 50 50
p/45101889432.jpg 1 0 0 50 50
p/45089608474.jpg 1 0 0 50 50
p/45065768125.jpg 1 0 0 50 50
p/45045734971.jpg 1 0 0 50 50
p/45016863081.jpg 1 0 0 50 50
p/44961462101.jpg 1 0 0 50 50
p/44961390301.jpg 1 0 0 50 50
p/44959933074.jpg 1 0 0 50 50
p/44948939931.jpg 1 0 0 50 50
p/44928542284.jpg 1 0 0 50 50
p/44924233834.jpg 1 0 0 50 50
p/44903068775.jpg 1 0 0 50 50
p/44894085374.jpg 1 0 0 50 50
p/44869130575.jpg 1 0 0 50 50
p/44779994085.jpg 1 0 0 50 50
p/44778360862.jpg 1 0 0 50 50
p/44722385624.jpg 1 0 0 50 50
p/44718521591.jpg 1 0 0 50 50
p/44717391185.jpg 1 0 0 50 50
p/44694035785.jpg 1 0 0 50 50
p/44672732765.jpg 1 0 0 50 50
p/44643132982.jpg 1 0 0 50 50
p/44604296835.jpg 1 0 0 50 50
p/44562990442.jpg 1 0 0 50 50
p/44537794085.jpg 1 0 0 50 50
p/44535241371.jpg 1 0 0 50 50
p/4450487267.jpg 1 0 0 50 50
p/4448162821.jpg 1 0 0 50 50
p/44472029681.jpg 1 0 0 50 50
p/44405874045.jpg 1 0 0 50 50
p/44383389140.jpg 1 0 0 50 50
p/44377590662.jpg 1 0 0 50 50
p/44372540592.jpg 1 0 0 50 50
p/44361675265.jpg 1 0 0 50 50
p/44281085312.jpg 1 0 0 50 50
p/44253178512.jpg 1 0 0 50 50
p/44229406655.jpg 1 0 0 50 50
p/44212767461.jpg 1 0 0 50 50
p/44173774572.jpg 1 0 0 50 50
p/44162529375.jpg 1 0 0 50 50
p/44159773265.jpg 1 0 0 50 50
p/44152982411.jpg 1 0 0 50 50
p/44052044350.jpg 1 0 0 50 50
p/44012056371.jpg 1 0 0 50 50
p/43984738751.jpg 1 0 0 50 50
p/43974047104.jpg 1 0 0 50 50
p/43958461805.jpg 1 0 0 50 50
p/43932727230.jpg 1 0 0 50 50
p/43927804355.jpg 1 0 0 50 50
p/43916637411.jpg 1 0 0 50 50
p/43916146301.jpg 1 0 0 50 50
p/43905266922.jpg 1 0 0 50 50
p/43904584080.jpg 1 0 0 50 50
p/43876282680.jpg 1 0 0 50 50
p/43861589945.jpg 1 0 0 50 50
p/4384536513.jpg 1 0 0 50 50
p/43790776882.jpg 1 0 0 50 50
p/43638880380.jpg 1 0 0 50 50
p/43598003290.jpg 1 0 0 50 50
p/43566054001.jpg 1 0 0 50 50
p/43524104465.jpg 1 0 0 50 50
p/43507528941.jpg 1 0 0 50 50
p/43502772165.jpg 1 0 0 50 50
p/43484162204.jpg 1 0 0 50 50
p/43395493991.jpg 1 0 0 50 50
p/43390944972.jpg 1 0 0 50 50
p/43380881514.jpg 1 0 0 50 50
p/43367426461.jpg 1 0 0 50 50
p/43360124724.jpg 1 0 0 50 50
p/43330613350.jpg 1 0 0 50 50
p/43319807975.jpg 1 0 0 50 50
p/43305986940.jpg 1 0 0 50 50
p/43298164854.jpg 1 0 0 50 50
p/4326732368.jpg 1 0 0 50 50
p/43255889791.jpg 1 0 0 50 50
p/43239551020.jpg 1 0 0 50 50
p/43166371314.jpg 1 0 0 50 50
p/43162962274.jpg 1 0 0 50 50
p/43153576714.jpg 1 0 0 50 50
p/43119629060.jpg 1 0 0 50 50
p/43105126831.jpg 1 0 0 50 50
p/43085558584.jpg 1 0 0 50 50
p/43074538154.jpg 1 0 0 50 50
p/43072936170.jpg 1 0 0 50 50
p/43065955655.jpg 1 0 0 50 50
p/43046597354.jpg 1 0 0 50 50
p/42979992845.jpg 1 0 0 50 50
p/42971072741.jpg 1 0 0 50 50
p/42969790902.jpg 1 0 0 50 50
p/4295585638.jpg 1 0 0 50 50
p/42949133511.jpg 1 0 0 50 50
p/42935082212.jpg 1 0 0 50 50
p/42932185145.jpg 1 0 0 50 50
p/42916735690.jpg 1 0 0 50 50
p/42909955550.jpg 1 0 0 50 50
p/42881012274.jpg 1 0 0 50 50
p/42865830444.jpg 1 0 0 50 50
p/42852523002.jpg 1 0 0 50 50
p/42834974205.jpg 1 0 0 50 50
p/42820565934.jpg 1 0 0 50 50
p/42805231080.jpg 1 0 0 50 50
p/42801059552.jpg 1 0 0 50 50
p/42786825740.jpg 1 0 0 50 50
p/4277413534.jpg 1 0 0 50 50
p/4277412798.jpg 1 0 0 50 50
p/42770039534.jpg 1 0 0 50 50
p/42765357582.jpg 1 0 0 50 50
p/42722440402.jpg 1 0 0 50 50
p/42713441001.jpg 1 0 0 50 50
p/42705266434.jpg 1 0 0 50 50
p/42701407015.jpg 1 0 0 50 50
p/42698523064.jpg 1 0 0 50 50
p/42696378910.jpg 1 0 0 50 50
p/42690377014.jpg 1 0 0 50 50
p/42673359041.jpg 1 0 0 50 50
p/42615521054.jpg 1 0 0 50 50
p/42594242594.jpg 1 0 0 50 50
p/4255166825.jpg 1 0 0 50 50
p/4250309961.jpg 1 0 0 50 50
p/42499010800.jpg 1 0 0 50 50
p/42493620332.jpg 1 0 0 50 50
p/42441708832.jpg 1 0 0 50 50
p/42426068380.jpg 1 0 0 50 50
p/4242467211.jpg 1 0 0 50 50
p/42413854351.jpg 1 0 0 50 50
p/42412718935.jpg 1 0 0 50 50
p/42399689361.jpg 1 0 0 50 50
p/42387180310.jpg 1 0 0 50 50
p/42368454222.jpg 1 0 0 50 50
p/42363624551.jpg 1 0 0 50 50
p/42313498242.jpg 1 0 0 50 50
p/42304308144.jpg 1 0 0 50 50
p/42279222881.jpg 1 0 0 50 50
p/42227924964.jpg 1 0 0 50 50
p/42189032815.jpg 1 0 0 50 50
p/4214651702.jpg 1 0 0 50 50
p/42133096570.jpg 1 0 0 50 50
p/42116723.jpg 1 0 0 50 50
p/42115669671.jpg 1 0 0 50 50
p/42075322955.jpg 1 0 0 50 50
p/42051147640.jpg 1 0 0 50 50
p/42047881242.jpg 1 0 0 50 50
p/42043694081.jpg 1 0 0 50 50
p/420172369.jpg 1 0 0 50 50
p/41994395220.jpg 1 0 0 50 50
p/41983202441.jpg 1 0 0 50 50
p/41899093730.jpg 1 0 0 50 50
p/41853500930.jpg 1 0 0 50 50
p/41841764372.jpg 1 0 0 50 50
p/41837487180.jpg 1 0 0 50 50
p/41811453731.jpg 1 0 0 50 50
p/41783570654.jpg 1 0 0 50 50
p/41783485361.jpg 1 0 0 50 50
p/41782692940.jpg 1 0 0 50 50
p/41758359101.jpg 1 0 0 50 50
p/41743961350.jpg 1 0 0 50 50
p/41729555855.jpg 1 0 0 50 50
p/41724529141.jpg 1 0 0 50 50
p/41700700802.jpg 1 0 0 50 50
p/4169958196.jpg 1 0 0 50 50
p/41695282541.jpg 1 0 0 50 50
p/41674565242.jpg 1 0 0 50 50
p/41673484740.jpg 1 0 0 50 50
p/41657564234.jpg 1 0 0 50 50
p/41652885262.jpg 1 0 0 50 50
p/41646685560.jpg 1 0 0 50 50
p/41645836072.jpg 1 0 0 50 50
p/4163208316.jpg 1 0 0 50 50
p/41603679305.jpg 1 0 0 50 50
p/41596031465.jpg 1 0 0 50 50
p/41594808130.jpg 1 0 0 50 50
p/41520674614.jpg 1 0 0 50 50
p/41502384725.jpg 1 0 0 50 50
p/41496684754.jpg 1 0 0 50 50
p/41487562644.jpg 1 0 0 50 50
p/41478941282.jpg 1 0 0 50 50
p/41459035712.jpg 1 0 0 50 50
p/41454794491.jpg 1 0 0 50 50
p/41439382455.jpg 1 0 0 50 50
p/41386694572.jpg 1 0 0 50 50
p/41369361545.jpg 1 0 0 50 50
p/41366706134.jpg 1 0 0 50 50
p/41330360791.jpg 1 0 0 50 50
p/41329692000.jpg 1 0 0 50 50
p/41322610741.jpg 1 0 0 50 50
p/41313803600.jpg 1 0 0 50 50
p/41296285901.jpg 1 0 0 50 50
p/41294374881.jpg 1 0 0 50 50
p/41292060125.jpg 1 0 0 50 50
p/41221489414.jpg 1 0 0 50 50
p/41214352625.jpg 1 0 0 50 50
p/41208168994.jpg 1 0 0 50 50
p/41179119345.jpg 1 0 0 50 50
p/41176801661.jpg 1 0 0 50 50
p/41160214525.jpg 1 0 0 50 50
p/4112603082.jpg 1 0 0 50 50
p/41106457560.jpg 1 0 0 50 50
p/41101788145.jpg 1 0 0 50 50
p/41079266895.jpg 1 0 0 50 50
p/41069598141.jpg 1 0 0 50 50
p/41045401772.jpg 1 0 0 50 50
p/41044245285.jpg 1 0 0 50 50
p/4103407766.jpg 1 0 0 50 50
p/41022921565.jpg 1 0 0 50 50
p/41013940092.jpg 1 0 0 50 50
p/40992155311.jpg 1 0 0 50 50
p/40974037841.jpg 1 0 0 50 50
p/40958244442.jpg 1 0 0 50 50
p/40938266581.jpg 1 0 0 50 50
p/40926119230.jpg 1 0 0 50 50
p/40913702071.jpg 1 0 0 50 50
p/40905156602.jpg 1 0 0 50 50
p/40895823474.jpg 1 0 0 50 50
p/40893607901.jpg 1 0 0 50 50
p/40878107233.jpg 1 0 0 50 50
p/40871596722.jpg 1 0 0 50 50
p/40871348822.jpg 1 0 0 50 50
p/40858708163.jpg 1 0 0 50 50
p/40852663.jpg 1 0 0 50 50
p/40844187793.jpg 1 0 0 50 50
p/40829064044.jpg 1 0 0 50 50
p/40818705981.jpg 1 0 0 50 50
p/40808058935.jpg 1 0 0 50 50
p/40802127834.jpg 1 0 0 50 50
p/40799656745.jpg 1 0 0 50 50
p/40765270010.jpg 1 0 0 50 50
p/4075893667.jpg 1 0 0 50 50
p/40750590271.jpg 1 0 0 50 50
p/40745148683.jpg 1 0 0 50 50
p/40723520610.jpg 1 0 0 50 50
p/40718537181.jpg 1 0 0 50 50
p/40708093241.jpg 1 0 0 50 50
p/40690683912.jpg 1 0 0 50 50
p/40684186360.jpg 1 0 0 50 50
p/40680962912.jpg 1 0 0 50 50
p/40676782721.jpg 1 0 0 50 50
p/40672643055.jpg 1 0 0 50 50
p/40672203471.jpg 1 0 0 50 50
p/40652250751.jpg 1 0 0 50 50
p/40636203922.jpg 1 0 0 50 50
p/40620256172.jpg 1 0 0 50 50
p/40619834021.jpg 1 0 0 50 50
p/40609131213.jpg 1 0 0 50 50
p/40561206661.jpg 1 0 0 50 50
p/40550998385.jpg 1 0 0 50 50
p/40536752691.jpg 1 0 0 50 50
p/40513169472.jpg 1 0 0 50 50
p/40497439780.jpg 1 0 0 50 50
p/4048087444.jpg 1 0 0 50 50
p/40473259092.jpg 1 0 0 50 50
p/40467254864.jpg 1 0 0 50 50
p/4046209016.jpg 1 0 0 50 50
p/40458164003.jpg 1 0 0 50 50
p/40456220995.jpg 1 0 0 50 50
p/40423510513.jpg 1 0 0 50 50
p/40420503763.jpg 1 0 0 50 50
p/40383280763.jpg 1 0 0 50 50
p/40358777412.jpg 1 0 0 50 50
p/40348740973.jpg 1 0 0 50 50
p/4029117182.jpg 1 0 0 50 50
p/40280850905.jpg 1 0 0 50 50
p/40268443873.jpg 1 0 0 50 50
p/40260229154.jpg 1 0 0 50 50
p/40249404753.jpg 1 0 0 50 50
p/40242835350.jpg 1 0 0 50 50
p/40222456045.jpg 1 0 0 50 50
p/40208481400.jpg 1 0 0 50 50
p/40203950923.jpg 1 0 0 50 50
p/40201582741.jpg 1 0 0 50 50
p/40200434023.jpg 1 0 0 50 50
p/40125679264.jpg 1 0 0 50 50
p/40124865901.jpg 1 0 0 50 50
p/40122916950.jpg 1 0 0 50 50
p/40098077672.jpg 1 0 0 50 50
p/40093186363.jpg 1 0 0 50 50
p/40078219823.jpg 1 0 0 50 50
p/40059317951.jpg 1 0 0 50 50
p/40059027343.jpg 1 0 0 50 50
p/40049780495.jpg 1 0 0 50 50
p/40039530862.jpg 1 0 0 50 50
p/40002379221.jpg 1 0 0 50 50
p/40001857221.jpg 1 0 0 50 50
p/39991900544.jpg 1 0 0 50 50
p/39966837131.jpg 1 0 0 50 50
p/39957915732.jpg 1 0 0 50 50
p/39956410563.jpg 1 0 0 50 50
p/39946734044.jpg 1 0 0 50 50
p/39908300852.jpg 1 0 0 50 50
p/39893557815.jpg 1 0 0 50 50
p/39880584144.jpg 1 0 0 50 50
p/3987440735.jpg 1 0 0 50 50
p/39864537514.jpg 1 0 0 50 50
p/39812504731.jpg 1 0 0 50 50
p/39793763814.jpg 1 0 0 50 50
p/39777345000.jpg 1 0 0 50 50
p/39777167184.jpg 1 0 0 50 50
p/3977697620.jpg 1 0 0 50 50
p/3977697516.jpg 1 0 0 50 50
p/39739723513.jpg 1 0 0 50 50
p/39734272170.jpg 1 0 0 50 50
p/39724116760.jpg 1 0 0 50 50
p/39720930201.jpg 1 0 0 50 50
p/39720153924.jpg 1 0 0 50 50
p/39717995084.jpg 1 0 0 50 50
p/39702626431.jpg 1 0 0 50 50
p/39684198481.jpg 1 0 0 50 50
p/39681387291.jpg 1 0 0 50 50
p/39675790734.jpg 1 0 0 50 50
p/39656993322.jpg 1 0 0 50 50
p/39650692922.jpg 1 0 0 50 50
p/39637735861.jpg 1 0 0 50 50
p/3962461294.jpg 1 0 0 50 50
p/39575836624.jpg 1 0 0 50 50
p/39574784824.jpg 1 0 0 50 50
p/39555074960.jpg 1 0 0 50 50
p/39531019190.jpg 1 0 0 50 50
p/39505325262.jpg 1 0 0 50 50
p/3947533155.jpg 1 0 0 50 50
p/39473425652.jpg 1 0 0 50 50
p/39471060701.jpg 1 0 0 50 50
p/39426570662.jpg 1 0 0 50 50
p/39413655612.jpg 1 0 0 50 50
p/39382138912.jpg 1 0 0 50 50
p/3937101815.jpg 1 0 0 50 50
p/3936816586.jpg 1 0 0 50 50
p/39367007891.jpg 1 0 0 50 50
p/39321188194.jpg 1 0 0 50 50
p/39310511355.jpg 1 0 0 50 50
p/39298354390.jpg 1 0 0 50 50
p/39285746414.jpg 1 0 0 50 50
p/39272299094.jpg 1 0 0 50 50
p/39249854364.jpg 1 0 0 50 50
p/39222361115.jpg 1 0 0 50 50
p/39194855240.jpg 1 0 0 50 50
p/39141608210.jpg 1 0 0 50 50
p/39090149191.jpg 1 0 0 50 50
p/39065576990.jpg 1 0 0 50 50
p/39054479915.jpg 1 0 0 50 50
p/39044812001.jpg 1 0 0 50 50
p/39039802460.jpg 1 0 0 50 50
p/39025871504.jpg 1 0 0 50 50
p/39024631304.jpg 1 0 0 50 50
p/39018278504.jpg 1 0 0 50 50
p/39003457542.jpg 1 0 0 50 50
p/38989769901.jpg 1 0 0 50 50
p/38915751022.jpg 1 0 0 50 50
p/38913751965.jpg 1 0 0 50 50
p/38879649231.jpg 1 0 0 50 50
p/388769451.jpg 1 0 0 50 50
p/38862320635.jpg 1 0 0 50 50
p/38855802612.jpg 1 0 0 50 50
p/38827041950.jpg 1 0 0 50 50
p/38826788662.jpg 1 0 0 50 50
p/3881466156.jpg 1 0 0 50 50
p/38810131360.jpg 1 0 0 50 50
p/38809280284.jpg 1 0 0 50 50
p/38777488714.jpg 1 0 0 50 50
p/38759000562.jpg 1 0 0 50 50
p/38754780040.jpg 1 0 0 50 50
p/38748743144.jpg 1 0 0 50 50
p/38743832034.jpg 1 0 0 50 50
p/38741216681.jpg 1 0 0 50 50
p/38737479145.jpg 1 0 0 50 50
p/38731279055.jpg 1 0 0 50 50
p/38728659972.jpg 1 0 0 50 50
p/38715319094.jpg 1 0 0 50 50
p/38707127052.jpg 1 0 0 50 50
p/38701921680.jpg 1 0 0 50 50
p/38694232700.jpg 1 0 0 50 50
p/38687570194.jpg 1 0 0 50 50
p/38678659844.jpg 1 0 0 50 50
p/38651301334.jpg 1 0 0 50 50
p/38646549502.jpg 1 0 0 50 50
p/38636152582.jpg 1 0 0 50 50
p/38634099271.jpg 1 0 0 50 50
p/38578239085.jpg 1 0 0 50 50
p/38578237305.jpg 1 0 0 50 50
p/38578235715.jpg 1 0 0 50 50
p/38578112391.jpg 1 0 0 50 50
p/38559649614.jpg 1 0 0 50 50
p/38546184452.jpg 1 0 0 50 50
p/38530919594.jpg 1 0 0 50 50
p/38530453254.jpg 1 0 0 50 50
p/38527019142.jpg 1 0 0 50 50
p/38522809480.jpg 1 0 0 50 50
p/38520134290.jpg 1 0 0 50 50
p/38517565155.jpg 1 0 0 50 50
p/38508675250.jpg 1 0 0 50 50
p/38504840626.jpg 1 0 0 50 50
p/38502842462.jpg 1 0 0 50 50
p/38491256225.jpg 1 0 0 50 50
p/38485899274.jpg 1 0 0 50 50
p/38472093494.jpg 1 0 0 50 50
p/38470717901.jpg 1 0 0 50 50
p/38451299260.jpg 1 0 0 50 50
p/38341133322.jpg 1 0 0 50 50
p/38337445911.jpg 1 0 0 50 50
p/38331280926.jpg 1 0 0 50 50
p/38329917702.jpg 1 0 0 50 50
p/38327496552.jpg 1 0 0 50 50
p/38312442016.jpg 1 0 0 50 50
p/38307401152.jpg 1 0 0 50 50
p/38288099884.jpg 1 0 0 50 50
p/38286888946.jpg 1 0 0 50 50
p/38252488162.jpg 1 0 0 50 50
p/38239549116.jpg 1 0 0 50 50
p/38231630882.jpg 1 0 0 50 50
p/38150636991.jpg 1 0 0 50 50
p/3812510521.jpg 1 0 0 50 50
p/38091223442.jpg 1 0 0 50 50
p/38079569441.jpg 1 0 0 50 50
p/38073424312.jpg 1 0 0 50 50
p/3804152624.jpg 1 0 0 50 50
p/38030962882.jpg 1 0 0 50 50
p/37999157325.jpg 1 0 0 50 50
p/37994093841.jpg 1 0 0 50 50
p/37967478014.jpg 1 0 0 50 50
p/37909681001.jpg 1 0 0 50 50
p/37895660762.jpg 1 0 0 50 50
p/37892176212.jpg 1 0 0 50 50
p/37882921664.jpg 1 0 0 50 50
p/37871827554.jpg 1 0 0 50 50
p/37852456654.jpg 1 0 0 50 50
p/3784739682.jpg 1 0 0 50 50
p/37841671274.jpg 1 0 0 50 50
p/37840084605.jpg 1 0 0 50 50
p/37839996275.jpg 1 0 0 50 50
p/37834434435.jpg 1 0 0 50 50
p/37797584371.jpg 1 0 0 50 50
p/37775591106.jpg 1 0 0 50 50
p/377701819.jpg 1 0 0 50 50
p/37769538176.jpg 1 0 0 50 50
p/37766809426.jpg 1 0 0 50 50
p/37762235196.jpg 1 0 0 50 50
p/37757558176.jpg 1 0 0 50 50
p/37756691632.jpg 1 0 0 50 50
p/37752349912.jpg 1 0 0 50 50
p/3774819456.jpg 1 0 0 50 50
p/37744022874.jpg 1 0 0 50 50
p/37740879732.jpg 1 0 0 50 50
p/37734930875.jpg 1 0 0 50 50
p/37732143121.jpg 1 0 0 50 50
p/37732513965.jpg 1 0 0 50 50
p/37726442744.jpg 1 0 0 50 50
p/37689379542.jpg 1 0 0 50 50
p/37685002184.jpg 1 0 0 50 50
p/37681290925.jpg 1 0 0 50 50
p/3766466638.jpg 1 0 0 50 50
p/37664259534.jpg 1 0 0 50 50
p/37633805671.jpg 1 0 0 50 50
p/37629442855.jpg 1 0 0 50 50
p/37628786274.jpg 1 0 0 50 50
p/37622280666.jpg 1 0 0 50 50
p/37615670676.jpg 1 0 0 50 50
p/37555765766.jpg 1 0 0 50 50
p/37514118762.jpg 1 0 0 50 50
p/3751027195.jpg 1 0 0 50 50
p/37496135746.jpg 1 0 0 50 50
p/37477276612.jpg 1 0 0 50 50
p/37466250876.jpg 1 0 0 50 50
p/37465100812.jpg 1 0 0 50 50
p/37458591921.jpg 1 0 0 50 50
p/37455668396.jpg 1 0 0 50 50
p/37445449322.jpg 1 0 0 50 50
p/37428949546.jpg 1 0 0 50 50
p/37406776846.jpg 1 0 0 50 50
p/37386772566.jpg 1 0 0 50 50
p/37357513271.jpg 1 0 0 50 50
p/37356749894.jpg 1 0 0 50 50
p/37345836854.jpg 1 0 0 50 50
p/37328482091.jpg 1 0 0 50 50
p/37320142110.jpg 1 0 0 50 50
p/37306779870.jpg 1 0 0 50 50
p/37306749505.jpg 1 0 0 50 50
p/37186667446.jpg 1 0 0 50 50
p/37251895530.jpg 1 0 0 50 50
p/37171248931.jpg 1 0 0 50 50
p/37167816141.jpg 1 0 0 50 50
p/37168001203.jpg 1 0 0 50 50
p/37155698650.jpg 1 0 0 50 50
p/37150423634.jpg 1 0 0 50 50
p/37134452976.jpg 1 0 0 50 50
p/37133056001.jpg 1 0 0 50 50
p/37105346282.jpg 1 0 0 50 50
p/37103442904.jpg 1 0 0 50 50
p/37099219140.jpg 1 0 0 50 50
p/37042666044.jpg 1 0 0 50 50
p/37059350050.jpg 1 0 0 50 50
p/37025756410.jpg 1 0 0 50 50
p/36999914006.jpg 1 0 0 50 50
p/36989351142.jpg 1 0 0 50 50
p/36963097643.jpg 1 0 0 50 50
p/36920797924.jpg 1 0 0 50 50
p/36899304334.jpg 1 0 0 50 50
p/36888242870.jpg 1 0 0 50 50
p/36880668373.jpg 1 0 0 50 50
p/36865169924.jpg 1 0 0 50 50
p/36862539450.jpg 1 0 0 50 50
p/3681648920.jpg 1 0 0 50 50
p/36788372604.jpg 1 0 0 50 50
p/36762079094.jpg 1 0 0 50 50
p/36744150392.jpg 1 0 0 50 50
p/36661489004.jpg 1 0 0 50 50
p/36656800733.jpg 1 0 0 50 50
p/36656435623.jpg 1 0 0 50 50
p/36596347503.jpg 1 0 0 50 50
p/36527753363.jpg 1 0 0 50 50
p/36436958030.jpg 1 0 0 50 50
p/36384712296.jpg 1 0 0 50 50
p/36376047321.jpg 1 0 0 50 50
p/36270195453.jpg 1 0 0 50 50
p/36190275502.jpg 1 0 0 50 50
p/36050304703.jpg 1 0 0 50 50
p/3589323051.jpg 1 0 0 50 50
p/3580395906.jpg 1 0 0 50 50
p/35726401321.jpg 1 0 0 50 50
p/3569679201.jpg 1 0 0 50 50
p/35600806110.jpg 1 0 0 50 50
p/35538199384.jpg 1 0 0 50 50
p/35519255764.jpg 1 0 0 50 50
p/35503649130.jpg 1 0 0 50 50
p/35444966026.jpg 1 0 0 50 50
p/35402362875.jpg 1 0 0 50 50
p/35245717555.jpg 1 0 0 50 50
p/3522800504.jpg 1 0 0 50 50
p/3521734019.jpg 1 0 0 50 50
p/35189470172.jpg 1 0 0 50 50
p/35175948116.jpg 1 0 0 50 50
p/3517360673.jpg 1 0 0 50 50
p/35106579190.jpg 1 0 0 50 50
p/3509095463.jpg 1 0 0 50 50
p/35070985361.jpg 1 0 0 50 50
p/3500855371.jpg 1 0 0 50 50
p/34956129962.jpg 1 0 0 50 50
p/34874156850.jpg 1 0 0 50 50
p/3489357299.jpg 1 0 0 50 50
p/347968031.jpg 1 0 0 50 50
p/34795347016.jpg 1 0 0 50 50
p/34703980250.jpg 1 0 0 50 50
p/3460643928.jpg 1 0 0 50 50
p/3460620864.jpg 1 0 0 50 50
p/3460595802.jpg 1 0 0 50 50
p/3459822275.jpg 1 0 0 50 50
p/3459765255.jpg 1 0 0 50 50
p/34553920876.jpg 1 0 0 50 50
p/3453130734.jpg 1 0 0 50 50
p/3452315849.jpg 1 0 0 50 50
p/3452315447.jpg 1 0 0 50 50
p/34464717832.jpg 1 0 0 50 50
p/34455869482.jpg 1 0 0 50 50
p/34433774125.jpg 1 0 0 50 50
p/3441877243.jpg 1 0 0 50 50
p/34376778583.jpg 1 0 0 50 50
p/34332357045.jpg 1 0 0 50 50
p/34278147442.jpg 1 0 0 50 50
p/34279500672.jpg 1 0 0 50 50
p/34274767254.jpg 1 0 0 50 50
p/34182638200.jpg 1 0 0 50 50
p/34030398301.jpg 1 0 0 50 50
p/33936037593.jpg 1 0 0 50 50
p/33934977778.jpg 1 0 0 50 50
p/33934537548.jpg 1 0 0 50 50
p/33933564428.jpg 1 0 0 50 50
p/33933499668.jpg 1 0 0 50 50
p/33921174238.jpg 1 0 0 50 50
p/33899255651.jpg 1 0 0 50 50
p/33871216848.jpg 1 0 0 50 50
p/33833132178.jpg 1 0 0 50 50
p/33823210378.jpg 1 0 0 50 50
p/33802856818.jpg 1 0 0 50 50
p/33738223600.jpg 1 0 0 50 50
p/33737272598.jpg 1 0 0 50 50
p/33698473578.jpg 1 0 0 50 50
p/33683555038.jpg 1 0 0 50 50
p/3367815865.jpg 1 0 0 50 50
p/33678100398.jpg 1 0 0 50 50
p/33656213028.jpg 1 0 0 50 50
p/33641619928.jpg 1 0 0 50 50
p/33630517598.jpg 1 0 0 50 50
p/33604048598.jpg 1 0 0 50 50
p/3357504632.jpg 1 0 0 50 50
p/33560479448.jpg 1 0 0 50 50
p/33559810918.jpg 1 0 0 50 50
p/33534521430.jpg 1 0 0 50 50
p/33532529978.jpg 1 0 0 50 50
p/33526574718.jpg 1 0 0 50 50
p/33488907520.jpg 1 0 0 50 50
p/33481285501.jpg 1 0 0 50 50
p/33469827900.jpg 1 0 0 50 50
p/33412420998.jpg 1 0 0 50 50
p/33372447868.jpg 1 0 0 50 50
p/33353128198.jpg 1 0 0 50 50
p/33348254105.jpg 1 0 0 50 50
p/33202114711.jpg 1 0 0 50 50
p/3319640080.jpg 1 0 0 50 50
p/33185445046.jpg 1 0 0 50 50
p/3318083510.jpg 1 0 0 50 50
p/33119486398.jpg 1 0 0 50 50
p/33113448611.jpg 1 0 0 50 50
p/3310570280.jpg 1 0 0 50 50
p/33101899714.jpg 1 0 0 50 50
p/33077718275.jpg 1 0 0 50 50
p/33029679944.jpg 1 0 0 50 50
p/32973754528.jpg 1 0 0 50 50
p/32948901846.jpg 1 0 0 50 50
p/32946962601.jpg 1 0 0 50 50
p/32936181383.jpg 1 0 0 50 50
p/3291344884.jpg 1 0 0 50 50
p/32897753977.jpg 1 0 0 50 50
p/32867925017.jpg 1 0 0 50 50
p/32850640373.jpg 1 0 0 50 50
p/32839636404.jpg 1 0 0 50 50
p/32825640697.jpg 1 0 0 50 50
p/3281184071.jpg 1 0 0 50 50
p/32795303777.jpg 1 0 0 50 50
p/32768616747.jpg 1 0 0 50 50
p/32720378458.jpg 1 0 0 50 50
p/32676335995.jpg 1 0 0 50 50
p/32639567540.jpg 1 0 0 50 50
p/32617098608.jpg 1 0 0 50 50
p/32589546928.jpg 1 0 0 50 50
p/32572816851.jpg 1 0 0 50 50
p/32567487527.jpg 1 0 0 50 50
p/32561907015.jpg 1 0 0 50 50
p/32537223865.jpg 1 0 0 50 50
p/32535226845.jpg 1 0 0 50 50
p/32525073877.jpg 1 0 0 50 50
p/32502037616.jpg 1 0 0 50 50
p/32493956647.jpg 1 0 0 50 50
p/32480196428.jpg 1 0 0 50 50
p/32474047122.jpg 1 0 0 50 50
p/32466317767.jpg 1 0 0 50 50
p/3245464810.jpg 1 0 0 50 50
p/32449354881.jpg 1 0 0 50 50
p/32436656666.jpg 1 0 0 50 50
p/32412432197.jpg 1 0 0 50 50
p/3239118291.jpg 1 0 0 50 50
p/32389123852.jpg 1 0 0 50 50
p/3235091282.jpg 1 0 0 50 50
p/32349513412.jpg 1 0 0 50 50
p/32316662272.jpg 1 0 0 50 50
p/32269271724.jpg 1 0 0 50 50
p/32244394976.jpg 1 0 0 50 50
p/32229697018.jpg 1 0 0 50 50
p/32185989500.jpg 1 0 0 50 50
p/32184278684.jpg 1 0 0 50 50
p/32173898106.jpg 1 0 0 50 50
p/3212837221.jpg 1 0 0 50 50
p/32118368467.jpg 1 0 0 50 50
p/32087170846.jpg 1 0 0 50 50
p/32061003086.jpg 1 0 0 50 50
p/32057008092.jpg 1 0 0 50 50
p/32037905518.jpg 1 0 0 50 50
p/32033030227.jpg 1 0 0 50 50
p/32030110735.jpg 1 0 0 50 50
p/32027487317.jpg 1 0 0 50 50
p/32024408550.jpg 1 0 0 50 50
p/32024081968.jpg 1 0 0 50 50
p/31933937206.jpg 1 0 0 50 50
p/31911341197.jpg 1 0 0 50 50
p/31909239227.jpg 1 0 0 50 50
p/31900173485.jpg 1 0 0 50 50
p/31810755738.jpg 1 0 0 50 50
p/31758605248.jpg 1 0 0 50 50
p/3173598377.jpg 1 0 0 50 50
p/31667977111.jpg 1 0 0 50 50
p/31592900283.jpg 1 0 0 50 50
p/31533645182.jpg 1 0 0 50 50
p/31514586098.jpg 1 0 0 50 50
p/3150530729.jpg 1 0 0 50 50
p/31493386917.jpg 1 0 0 50 50
p/31462402463.jpg 1 0 0 50 50
p/31459563344.jpg 1 0 0 50 50
p/31454464431.jpg 1 0 0 50 50
p/31445990066.jpg 1 0 0 50 50
p/31441501813.jpg 1 0 0 50 50
p/31434917474.jpg 1 0 0 50 50
p/31430666161.jpg 1 0 0 50 50
p/31411753630.jpg 1 0 0 50 50
p/31385644918.jpg 1 0 0 50 50
p/31367178068.jpg 1 0 0 50 50
p/31361066588.jpg 1 0 0 50 50
p/31333836561.jpg 1 0 0 50 50
p/31328732764.jpg 1 0 0 50 50
p/31313628478.jpg 1 0 0 50 50
p/31310097274.jpg 1 0 0 50 50
p/31293073320.jpg 1 0 0 50 50
p/31277186518.jpg 1 0 0 50 50
p/31261689606.jpg 1 0 0 50 50
p/31258015072.jpg 1 0 0 50 50
p/3125386438.jpg 1 0 0 50 50
p/31221763988.jpg 1 0 0 50 50
p/31207839604.jpg 1 0 0 50 50
p/31173431128.jpg 1 0 0 50 50
p/31148485678.jpg 1 0 0 50 50
p/31096121960.jpg 1 0 0 50 50
p/31086637620.jpg 1 0 0 50 50
p/31073916484.jpg 1 0 0 50 50
p/31059942758.jpg 1 0 0 50 50
p/31032433163.jpg 1 0 0 50 50
p/31005398530.jpg 1 0 0 50 50
p/30987082750.jpg 1 0 0 50 50
p/30951890540.jpg 1 0 0 50 50
p/30902043427.jpg 1 0 0 50 50
p/30901999082.jpg 1 0 0 50 50
p/30890442992.jpg 1 0 0 50 50
p/30886693454.jpg 1 0 0 50 50
p/3082938325.jpg 1 0 0 50 50
p/30807560400.jpg 1 0 0 50 50
p/30770697098.jpg 1 0 0 50 50
p/30750271502.jpg 1 0 0 50 50
p/30736136644.jpg 1 0 0 50 50
p/30721104762.jpg 1 0 0 50 50
p/30697521963.jpg 1 0 0 50 50
p/30663146104.jpg 1 0 0 50 50
p/30607583812.jpg 1 0 0 50 50
p/30578425965.jpg 1 0 0 50 50
p/30558882708.jpg 1 0 0 50 50
p/30558737498.jpg 1 0 0 50 50
p/30558111542.jpg 1 0 0 50 50
p/30544541256.jpg 1 0 0 50 50
p/30543395983.jpg 1 0 0 50 50
p/30524124257.jpg 1 0 0 50 50
p/30523550900.jpg 1 0 0 50 50
p/30493375143.jpg 1 0 0 50 50
p/30490512711.jpg 1 0 0 50 50
p/30480800898.jpg 1 0 0 50 50
p/30480020898.jpg 1 0 0 50 50
p/30471939138.jpg 1 0 0 50 50
p/30460419274.jpg 1 0 0 50 50
p/30454739125.jpg 1 0 0 50 50
p/30422436644.jpg 1 0 0 50 50
p/30411400062.jpg 1 0 0 50 50
p/30362520455.jpg 1 0 0 50 50
p/30347177728.jpg 1 0 0 50 50
p/30311010058.jpg 1 0 0 50 50
p/30298256791.jpg 1 0 0 50 50
p/30277690023.jpg 1 0 0 50 50
p/30267488452.jpg 1 0 0 50 50
p/30263617274.jpg 1 0 0 50 50
p/30237877878.jpg 1 0 0 50 50
p/30214404348.jpg 1 0 0 50 50
p/30210484638.jpg 1 0 0 50 50
p/30195085710.jpg 1 0 0 50 50
p/30172336545.jpg 1 0 0 50 50
p/301436595.jpg 1 0 0 50 50
p/30137918042.jpg 1 0 0 50 50
p/30120871893.jpg 1 0 0 50 50
p/30104923601.jpg 1 0 0 50 50
p/30081009806.jpg 1 0 0 50 50
p/30054309857.jpg 1 0 0 50 50
p/30041341445.jpg 1 0 0 50 50
p/30039334235.jpg 1 0 0 50 50
p/30019366146.jpg 1 0 0 50 50
p/30013836316.jpg 1 0 0 50 50
p/29995421734.jpg 1 0 0 50 50
p/29987981558.jpg 1 0 0 50 50
p/29983981155.jpg 1 0 0 50 50
p/29979043765.jpg 1 0 0 50 50
p/29970673001.jpg 1 0 0 50 50
p/29958588296.jpg 1 0 0 50 50
p/2994882042.jpg 1 0 0 50 50
p/29940752540.jpg 1 0 0 50 50
p/29927341737.jpg 1 0 0 50 50
p/29907569031.jpg 1 0 0 50 50
p/29834204288.jpg 1 0 0 50 50
p/29833406564.jpg 1 0 0 50 50
p/29780012394.jpg 1 0 0 50 50
p/29771741328.jpg 1 0 0 50 50
p/29755814632.jpg 1 0 0 50 50
p/29752872817.jpg 1 0 0 50 50
p/29727289613.jpg 1 0 0 50 50
p/29703777961.jpg 1 0 0 50 50
p/29684521583.jpg 1 0 0 50 50
p/29681444707.jpg 1 0 0 50 50
p/29665208910.jpg 1 0 0 50 50
p/29664940303.jpg 1 0 0 50 50
p/29621219767.jpg 1 0 0 50 50
p/29614259921.jpg 1 0 0 50 50
p/29598026354.jpg 1 0 0 50 50
p/29572099730.jpg 1 0 0 50 50
p/29557147287.jpg 1 0 0 50 50
p/2953931932.jpg 1 0 0 50 50
p/29535595995.jpg 1 0 0 50 50
p/29521931323.jpg 1 0 0 50 50
p/29486199907.jpg 1 0 0 50 50
p/294622642.jpg 1 0 0 50 50
p/29450876288.jpg 1 0 0 50 50
p/29446302085.jpg 1 0 0 50 50
p/29436924048.jpg 1 0 0 50 50
p/29417586412.jpg 1 0 0 50 50
p/29406785737.jpg 1 0 0 50 50
p/29395314671.jpg 1 0 0 50 50
p/29356756811.jpg 1 0 0 50 50
p/29351516597.jpg 1 0 0 50 50
p/29294840867.jpg 1 0 0 50 50
p/29271834300.jpg 1 0 0 50 50
p/29271677448.jpg 1 0 0 50 50
p/29248244493.jpg 1 0 0 50 50
p/29222312243.jpg 1 0 0 50 50
p/29222211538.jpg 1 0 0 50 50
p/29191334865.jpg 1 0 0 50 50
p/29191106803.jpg 1 0 0 50 50
p/29168754546.jpg 1 0 0 50 50
p/29095008334.jpg 1 0 0 50 50
p/29029310217.jpg 1 0 0 50 50
p/29015253565.jpg 1 0 0 50 50
p/28957001665.jpg 1 0 0 50 50
p/28956614295.jpg 1 0 0 50 50
p/28879321047.jpg 1 0 0 50 50
p/28845636911.jpg 1 0 0 50 50
p/28802920992.jpg 1 0 0 50 50
p/28815154914.jpg 1 0 0 50 50
p/28802608983.jpg 1 0 0 50 50
p/28785257887.jpg 1 0 0 50 50
p/28771170281.jpg 1 0 0 50 50
p/28759189026.jpg 1 0 0 50 50
p/28644485184.jpg 1 0 0 50 50
p/2862463.jpg 1 0 0 50 50
p/28586223542.jpg 1 0 0 50 50
p/28571489575.jpg 1 0 0 50 50
p/28551072298.jpg 1 0 0 50 50
p/28504615752.jpg 1 0 0 50 50
p/285034434.jpg 1 0 0 50 50
p/28466148360.jpg 1 0 0 50 50
p/28462793947.jpg 1 0 0 50 50
p/28452074172.jpg 1 0 0 50 50
p/28443695543.jpg 1 0 0 50 50
p/28416224746.jpg 1 0 0 50 50
p/28389220833.jpg 1 0 0 50 50
p/28384021577.jpg 1 0 0 50 50
p/28351121819.jpg 1 0 0 50 50
p/2830704503.jpg 1 0 0 50 50
p/28302744769.jpg 1 0 0 50 50
p/28282550290.jpg 1 0 0 50 50
p/28277005696.jpg 1 0 0 50 50
p/28261036455.jpg 1 0 0 50 50
p/28252201619.jpg 1 0 0 50 50
p/28241583288.jpg 1 0 0 50 50
p/28205153799.jpg 1 0 0 50 50
p/28201856958.jpg 1 0 0 50 50
p/28190584129.jpg 1 0 0 50 50
p/28189618988.jpg 1 0 0 50 50
p/28185295231.jpg 1 0 0 50 50
p/28168319680.jpg 1 0 0 50 50
p/28151984321.jpg 1 0 0 50 50
p/28150526019.jpg 1 0 0 50 50
p/28113886769.jpg 1 0 0 50 50
p/28110462539.jpg 1 0 0 50 50
p/28103196117.jpg 1 0 0 50 50
p/28089777557.jpg 1 0 0 50 50
p/28089002657.jpg 1 0 0 50 50
p/28078979735.jpg 1 0 0 50 50
p/28076493340.jpg 1 0 0 50 50
p/28048407321.jpg 1 0 0 50 50
p/2804575358.jpg 1 0 0 50 50
p/28043837199.jpg 1 0 0 50 50
p/28027457937.jpg 1 0 0 50 50
p/28002021884.jpg 1 0 0 50 50
p/27966952418.jpg 1 0 0 50 50
p/27956019044.jpg 1 0 0 50 50
p/27944907157.jpg 1 0 0 50 50
p/27835920339.jpg 1 0 0 50 50
p/27829536952.jpg 1 0 0 50 50
p/27814182204.jpg 1 0 0 50 50
p/27746547461.jpg 1 0 0 50 50
p/27741633419.jpg 1 0 0 50 50
p/27736686471.jpg 1 0 0 50 50
p/27719068787.jpg 1 0 0 50 50
p/2770479597.jpg 1 0 0 50 50
p/2769026299.jpg 1 0 0 50 50
p/27680489244.jpg 1 0 0 50 50
p/27646041819.jpg 1 0 0 50 50
p/27626024599.jpg 1 0 0 50 50
p/27625742519.jpg 1 0 0 50 50
p/27611791628.jpg 1 0 0 50 50
p/27610349011.jpg 1 0 0 50 50
p/27599681152.jpg 1 0 0 50 50
p/27595431098.jpg 1 0 0 50 50
p/27582548309.jpg 1 0 0 50 50
p/27558105298.jpg 1 0 0 50 50
p/27543207949.jpg 1 0 0 50 50
p/27504694739.jpg 1 0 0 50 50
p/27519895797.jpg 1 0 0 50 50
p/27494168270.jpg 1 0 0 50 50
p/27479138906.jpg 1 0 0 50 50
p/27472004078.jpg 1 0 0 50 50
p/27457388271.jpg 1 0 0 50 50
p/27438202377.jpg 1 0 0 50 50
p/27419975802.jpg 1 0 0 50 50
p/27414052357.jpg 1 0 0 50 50
p/27409517944.jpg 1 0 0 50 50
p/27409261208.jpg 1 0 0 50 50
p/27395230616.jpg 1 0 0 50 50
p/27381414610.jpg 1 0 0 50 50
p/27365311517.jpg 1 0 0 50 50
p/27348910479.jpg 1 0 0 50 50
p/27353908243.jpg 1 0 0 50 50
p/27336936450.jpg 1 0 0 50 50
p/27302531925.jpg 1 0 0 50 50
p/27260632492.jpg 1 0 0 50 50
p/27166436043.jpg 1 0 0 50 50
p/27153064389.jpg 1 0 0 50 50
p/27150899472.jpg 1 0 0 50 50
p/27144273797.jpg 1 0 0 50 50
p/27146275572.jpg 1 0 0 50 50
p/27136333190.jpg 1 0 0 50 50
p/27126341948.jpg 1 0 0 50 50
p/27120738249.jpg 1 0 0 50 50
p/27118020288.jpg 1 0 0 50 50
p/27112204064.jpg 1 0 0 50 50
p/27098506689.jpg 1 0 0 50 50
p/27082392756.jpg 1 0 0 50 50
p/27068409241.jpg 1 0 0 50 50
p/27057361359.jpg 1 0 0 50 50
p/27059896873.jpg 1 0 0 50 50
p/27037813957.jpg 1 0 0 50 50
p/27037139748.jpg 1 0 0 50 50
p/27025240665.jpg 1 0 0 50 50
p/26986619999.jpg 1 0 0 50 50
p/26990406617.jpg 1 0 0 50 50
p/26985987957.jpg 1 0 0 50 50
p/2698212516.jpg 1 0 0 50 50
p/26957206971.jpg 1 0 0 50 50
p/26955105547.jpg 1 0 0 50 50
p/26934536740.jpg 1 0 0 50 50
p/26927907362.jpg 1 0 0 50 50
p/26911966463.jpg 1 0 0 50 50
p/26858125509.jpg 1 0 0 50 50
p/26849276235.jpg 1 0 0 50 50
p/26843823848.jpg 1 0 0 50 50
p/26840306308.jpg 1 0 0 50 50
p/26830325717.jpg 1 0 0 50 50
p/26838870539.jpg 1 0 0 50 50
p/26826374948.jpg 1 0 0 50 50
p/26824319043.jpg 1 0 0 50 50
p/26823936947.jpg 1 0 0 50 50
p/26822821154.jpg 1 0 0 50 50
p/26821678817.jpg 1 0 0 50 50
p/26815325399.jpg 1 0 0 50 50
p/26796790877.jpg 1 0 0 50 50
p/26787388018.jpg 1 0 0 50 50
p/26766212084.jpg 1 0 0 50 50
p/26769186915.jpg 1 0 0 50 50
p/26749920363.jpg 1 0 0 50 50
p/26748735946.jpg 1 0 0 50 50
p/26747408769.jpg 1 0 0 50 50
p/26741748029.jpg 1 0 0 50 50
p/26717632032.jpg 1 0 0 50 50
p/26705913467.jpg 1 0 0 50 50
p/26679341663.jpg 1 0 0 50 50
p/26652978218.jpg 1 0 0 50 50
p/26637134447.jpg 1 0 0 50 50
p/26634668899.jpg 1 0 0 50 50
p/26622485935.jpg 1 0 0 50 50
p/26615494725.jpg 1 0 0 50 50
p/26597058814.jpg 1 0 0 50 50
p/26589152318.jpg 1 0 0 50 50
p/26586270796.jpg 1 0 0 50 50
p/26581223120.jpg 1 0 0 50 50
p/26543222020.jpg 1 0 0 50 50
p/26541287818.jpg 1 0 0 50 50
p/26524064850.jpg 1 0 0 50 50
p/26522971794.jpg 1 0 0 50 50
p/26504843920.jpg 1 0 0 50 50
p/26502357954.jpg 1 0 0 50 50
p/26475605143.jpg 1 0 0 50 50
p/26461299811.jpg 1 0 0 50 50
p/26444917516.jpg 1 0 0 50 50
p/26429536355.jpg 1 0 0 50 50
p/26417321452.jpg 1 0 0 50 50
p/26415589036.jpg 1 0 0 50 50
p/26402544826.jpg 1 0 0 50 50
p/26386739300.jpg 1 0 0 50 50
p/26385774895.jpg 1 0 0 50 50
p/26373815655.jpg 1 0 0 50 50
p/26350209516.jpg 1 0 0 50 50
p/26348806721.jpg 1 0 0 50 50
p/26342320407.jpg 1 0 0 50 50
p/26334428565.jpg 1 0 0 50 50
p/26250897976.jpg 1 0 0 50 50
p/26242071938.jpg 1 0 0 50 50
p/26216167600.jpg 1 0 0 50 50
p/26212535384.jpg 1 0 0 50 50
p/26199740886.jpg 1 0 0 50 50
p/2618391916.jpg 1 0 0 50 50
p/26164794712.jpg 1 0 0 50 50
p/26132870550.jpg 1 0 0 50 50
p/26131668029.jpg 1 0 0 50 50
p/25993156041.jpg 1 0 0 50 50
p/25975561287.jpg 1 0 0 50 50
p/25985983607.jpg 1 0 0 50 50
p/25974122014.jpg 1 0 0 50 50
p/25969833993.jpg 1 0 0 50 50
p/25968232342.jpg 1 0 0 50 50
p/25966616793.jpg 1 0 0 50 50
p/25931456307.jpg 1 0 0 50 50
p/25960503265.jpg 1 0 0 50 50
p/25921442680.jpg 1 0 0 50 50
p/25875333495.jpg 1 0 0 50 50
p/25862888081.jpg 1 0 0 50 50
p/25829276725.jpg 1 0 0 50 50
p/25856267760.jpg 1 0 0 50 50
p/25821778130.jpg 1 0 0 50 50
p/25811725548.jpg 1 0 0 50 50
p/25809553881.jpg 1 0 0 50 50
p/25767532340.jpg 1 0 0 50 50
p/25756859458.jpg 1 0 0 50 50
p/25747700780.jpg 1 0 0 50 50
p/25717291985.jpg 1 0 0 50 50
p/25689746968.jpg 1 0 0 50 50
p/25689740058.jpg 1 0 0 50 50
p/25687736858.jpg 1 0 0 50 50
p/25674140888.jpg 1 0 0 50 50
p/25662637938.jpg 1 0 0 50 50
p/25657595185.jpg 1 0 0 50 50
p/25581946098.jpg 1 0 0 50 50
p/25580885844.jpg 1 0 0 50 50
p/2557829756.jpg 1 0 0 50 50
p/25557911235.jpg 1 0 0 50 50
p/2557828204.jpg 1 0 0 50 50
p/25553683390.jpg 1 0 0 50 50
p/25528093833.jpg 1 0 0 50 50
p/25521262098.jpg 1 0 0 50 50
p/25516421338.jpg 1 0 0 50 50
p/25509118304.jpg 1 0 0 50 50
p/25503254606.jpg 1 0 0 50 50
p/25490148188.jpg 1 0 0 50 50
p/25489409081.jpg 1 0 0 50 50
p/25485982657.jpg 1 0 0 50 50
p/25479970165.jpg 1 0 0 50 50
p/25458056176.jpg 1 0 0 50 50
p/25456925711.jpg 1 0 0 50 50
p/25452515832.jpg 1 0 0 50 50
p/25451807700.jpg 1 0 0 50 50
p/25432822175.jpg 1 0 0 50 50
p/25400856644.jpg 1 0 0 50 50
p/25327415178.jpg 1 0 0 50 50
p/25312769827.jpg 1 0 0 50 50
p/25242220239.jpg 1 0 0 50 50
p/25248855784.jpg 1 0 0 50 50
p/25237417608.jpg 1 0 0 50 50
p/25233853522.jpg 1 0 0 50 50
p/25210315968.jpg 1 0 0 50 50
p/25206872537.jpg 1 0 0 50 50
p/25204139616.jpg 1 0 0 50 50
p/25195820265.jpg 1 0 0 50 50
p/25190193493.jpg 1 0 0 50 50
p/25184406354.jpg 1 0 0 50 50
p/25183569194.jpg 1 0 0 50 50
p/25156290887.jpg 1 0 0 50 50
p/25166455053.jpg 1 0 0 50 50
p/25141288890.jpg 1 0 0 50 50
p/25127063007.jpg 1 0 0 50 50
p/25127587286.jpg 1 0 0 50 50
p/25112716667.jpg 1 0 0 50 50
p/25106725877.jpg 1 0 0 50 50
p/25106496387.jpg 1 0 0 50 50
p/25098567134.jpg 1 0 0 50 50
p/25093280665.jpg 1 0 0 50 50
p/25060664184.jpg 1 0 0 50 50
p/25056018436.jpg 1 0 0 50 50
p/2501616009.jpg 1 0 0 50 50
p/24998150636.jpg 1 0 0 50 50
p/24975881505.jpg 1 0 0 50 50
p/24974834901.jpg 1 0 0 50 50
p/2497229201.jpg 1 0 0 50 50
p/24948335968.jpg 1 0 0 50 50
p/24943307805.jpg 1 0 0 50 50
p/24936438401.jpg 1 0 0 50 50
p/24923210907.jpg 1 0 0 50 50
p/2490414024.jpg 1 0 0 50 50
p/24903783250.jpg 1 0 0 50 50
p/24900636285.jpg 1 0 0 50 50
p/24872235617.jpg 1 0 0 50 50
p/24829585549.jpg 1 0 0 50 50
p/24809332291.jpg 1 0 0 50 50
p/24796829900.jpg 1 0 0 50 50
p/24795315389.jpg 1 0 0 50 50
p/24783458162.jpg 1 0 0 50 50
p/24775587928.jpg 1 0 0 50 50
p/24762198728.jpg 1 0 0 50 50
p/24716987384.jpg 1 0 0 50 50
p/24706153857.jpg 1 0 0 50 50
p/24699729180.jpg 1 0 0 50 50
p/24689307547.jpg 1 0 0 50 50
p/24686011078.jpg 1 0 0 50 50
p/24684706168.jpg 1 0 0 50 50
p/24678244211.jpg 1 0 0 50 50
p/24676635658.jpg 1 0 0 50 50
p/2466640537.jpg 1 0 0 50 50
p/24642715329.jpg 1 0 0 50 50
p/24638341548.jpg 1 0 0 50 50
p/24633954648.jpg 1 0 0 50 50
p/24614022407.jpg 1 0 0 50 50
p/24577129049.jpg 1 0 0 50 50
p/24527088513.jpg 1 0 0 50 50
p/24524294772.jpg 1 0 0 50 50
p/24460464295.jpg 1 0 0 50 50
p/24349927919.jpg 1 0 0 50 50
p/24429507416.jpg 1 0 0 50 50
p/242958238.jpg 1 0 0 50 50
p/24257094828.jpg 1 0 0 50 50
p/24250464882.jpg 1 0 0 50 50
p/24247811120.jpg 1 0 0 50 50
p/24244061037.jpg 1 0 0 50 50
p/24188241109.jpg 1 0 0 50 50
p/24241865055.jpg 1 0 0 50 50
p/24160595912.jpg 1 0 0 50 50
p/24123995227.jpg 1 0 0 50 50
p/24120881536.jpg 1 0 0 50 50
p/24114621090.jpg 1 0 0 50 50
p/24104178473.jpg 1 0 0 50 50
p/24096455038.jpg 1 0 0 50 50
p/24082545017.jpg 1 0 0 50 50
p/24073422027.jpg 1 0 0 50 50
p/24075511595.jpg 1 0 0 50 50
p/24064110234.jpg 1 0 0 50 50
p/24053469037.jpg 1 0 0 50 50
p/24006374996.jpg 1 0 0 50 50
p/24005568297.jpg 1 0 0 50 50
p/23981412663.jpg 1 0 0 50 50
p/23998197578.jpg 1 0 0 50 50
p/23968236067.jpg 1 0 0 50 50
p/23952061903.jpg 1 0 0 50 50
p/23945859101.jpg 1 0 0 50 50
p/23922227706.jpg 1 0 0 50 50
p/23895800451.jpg 1 0 0 50 50
p/23861882558.jpg 1 0 0 50 50
p/23819440594.jpg 1 0 0 50 50
p/23792375428.jpg 1 0 0 50 50
p/2380151839.jpg 1 0 0 50 50
p/23784411968.jpg 1 0 0 50 50
p/23782258652.jpg 1 0 0 50 50
p/23759528749.jpg 1 0 0 50 50
p/23748077541.jpg 1 0 0 50 50
p/23739267298.jpg 1 0 0 50 50
p/23706851242.jpg 1 0 0 50 50
p/23658030329.jpg 1 0 0 50 50
p/23631366043.jpg 1 0 0 50 50
p/23629750863.jpg 1 0 0 50 50
p/23604559556.jpg 1 0 0 50 50
p/23585235923.jpg 1 0 0 50 50
p/23563466489.jpg 1 0 0 50 50
p/23555755966.jpg 1 0 0 50 50
p/23526665412.jpg 1 0 0 50 50
p/23526548409.jpg 1 0 0 50 50
p/23495401933.jpg 1 0 0 50 50
p/23440183809.jpg 1 0 0 50 50
p/23427556153.jpg 1 0 0 50 50
p/23379200780.jpg 1 0 0 50 50
p/23370855485.jpg 1 0 0 50 50
p/23344303435.jpg 1 0 0 50 50
p/23317543446.jpg 1 0 0 50 50
p/23268821804.jpg 1 0 0 50 50
p/23265246260.jpg 1 0 0 50 50
p/23239121930.jpg 1 0 0 50 50
p/23227246320.jpg 1 0 0 50 50
p/2320312599.jpg 1 0 0 50 50
p/23150824900.jpg 1 0 0 50 50
p/23110933979.jpg 1 0 0 50 50
p/23073639124.jpg 1 0 0 50 50
p/22954630036.jpg 1 0 0 50 50
p/23011906640.jpg 1 0 0 50 50
p/22952320243.jpg 1 0 0 50 50
p/22950075029.jpg 1 0 0 50 50
p/22931540911.jpg 1 0 0 50 50
p/22903011.jpg 1 0 0 50 50
p/22886540730.jpg 1 0 0 50 50
p/22855158243.jpg 1 0 0 50 50
p/22880645957.jpg 1 0 0 50 50
p/2282677428.jpg 1 0 0 50 50
p/22818034023.jpg 1 0 0 50 50
p/22807372269.jpg 1 0 0 50 50
p/22794583004.jpg 1 0 0 50 50
p/22753356055.jpg 1 0 0 50 50
p/22716165369.jpg 1 0 0 50 50
p/22695198268.jpg 1 0 0 50 50
p/22671536475.jpg 1 0 0 50 50
p/22566025431.jpg 1 0 0 50 50
p/22548225648.jpg 1 0 0 50 50
p/22545607912.jpg 1 0 0 50 50
p/22504690862.jpg 1 0 0 50 50
p/22528729361.jpg 1 0 0 50 50
p/22485517607.jpg 1 0 0 50 50
p/22457634890.jpg 1 0 0 50 50
p/22454167470.jpg 1 0 0 50 50
p/22424733914.jpg 1 0 0 50 50
p/2238297556.jpg 1 0 0 50 50
p/22353477429.jpg 1 0 0 50 50
p/22337063818.jpg 1 0 0 50 50
p/22289098031.jpg 1 0 0 50 50
p/22282814653.jpg 1 0 0 50 50
p/22288221558.jpg 1 0 0 50 50
p/22276486624.jpg 1 0 0 50 50
p/22253689412.jpg 1 0 0 50 50
p/222449434.jpg 1 0 0 50 50
p/22215498245.jpg 1 0 0 50 50
p/22177517468.jpg 1 0 0 50 50
p/22158484983.jpg 1 0 0 50 50
p/22102361441.jpg 1 0 0 50 50
p/22115358854.jpg 1 0 0 50 50
p/22061592161.jpg 1 0 0 50 50
p/2205375123.jpg 1 0 0 50 50
p/2203768413.jpg 1 0 0 50 50
p/2201490183.jpg 1 0 0 50 50
p/22008895771.jpg 1 0 0 50 50
p/2201193565.jpg 1 0 0 50 50
p/21989131339.jpg 1 0 0 50 50
p/21968449752.jpg 1 0 0 50 50
p/21967909951.jpg 1 0 0 50 50
p/21960727585.jpg 1 0 0 50 50
p/21958625652.jpg 1 0 0 50 50
p/21951179063.jpg 1 0 0 50 50
p/21948544275.jpg 1 0 0 50 50
p/21935371088.jpg 1 0 0 50 50
p/21904769874.jpg 1 0 0 50 50
p/21918883471.jpg 1 0 0 50 50
p/21864237850.jpg 1 0 0 50 50
p/21860087954.jpg 1 0 0 50 50
p/21824393681.jpg 1 0 0 50 50
p/21798049102.jpg 1 0 0 50 50
p/2167816101.jpg 1 0 0 50 50
p/21657609905.jpg 1 0 0 50 50
p/21657373716.jpg 1 0 0 50 50
p/2165356177.jpg 1 0 0 50 50
p/21645223628.jpg 1 0 0 50 50
p/21583131541.jpg 1 0 0 50 50
p/21587004061.jpg 1 0 0 50 50
p/21496900939.jpg 1 0 0 50 50
p/21489613140.jpg 1 0 0 50 50
p/21461023970.jpg 1 0 0 50 50
p/21455798810.jpg 1 0 0 50 50
p/21439380511.jpg 1 0 0 50 50
p/21433147084.jpg 1 0 0 50 50
p/21356537166.jpg 1 0 0 50 50
p/21319599260.jpg 1 0 0 50 50
p/21319826899.jpg 1 0 0 50 50
p/21222042812.jpg 1 0 0 50 50
p/2121709973.jpg 1 0 0 50 50
p/21178919321.jpg 1 0 0 50 50
p/21162035971.jpg 1 0 0 50 50
p/21133360160.jpg 1 0 0 50 50
p/21104325342.jpg 1 0 0 50 50
p/21090254632.jpg 1 0 0 50 50
p/21069621032.jpg 1 0 0 50 50
p/20967353170.jpg 1 0 0 50 50
p/20963268420.jpg 1 0 0 50 50
p/20953693234.jpg 1 0 0 50 50
p/20790190316.jpg 1 0 0 50 50
p/20705359268.jpg 1 0 0 50 50
p/20685139798.jpg 1 0 0 50 50
p/20652206166.jpg 1 0 0 50 50
p/2065174127.jpg 1 0 0 50 50
p/20586877764.jpg 1 0 0 50 50
p/20648194253.jpg 1 0 0 50 50
p/20364929688.jpg 1 0 0 50 50
p/2038160984.jpg 1 0 0 50 50
p/20296520481.jpg 1 0 0 50 50
p/20259033491.jpg 1 0 0 50 50
p/20105818208.jpg 1 0 0 50 50
p/20024153715.jpg 1 0 0 50 50
p/19856143125.jpg 1 0 0 50 50
p/19796752662.jpg 1 0 0 50 50
p/19772206861.jpg 1 0 0 50 50
p/19752295444.jpg 1 0 0 50 50
p/19750353745.jpg 1 0 0 50 50
p/19749386105.jpg 1 0 0 50 50
p/19744840482.jpg 1 0 0 50 50
p/19630169294.jpg 1 0 0 50 50
p/19573210302.jpg 1 0 0 50 50
p/19521536655.jpg 1 0 0 50 50
p/19426635818.jpg 1 0 0 50 50
p/19388468288.jpg 1 0 0 50 50
p/19380540273.jpg 1 0 0 50 50
p/19370093138.jpg 1 0 0 50 50
p/19290856699.jpg 1 0 0 50 50
p/19267450369.jpg 1 0 0 50 50
p/19257883191.jpg 1 0 0 50 50
p/19204887455.jpg 1 0 0 50 50
p/19164284440.jpg 1 0 0 50 50
p/19155575311.jpg 1 0 0 50 50
p/19110019254.jpg 1 0 0 50 50
p/19014396368.jpg 1 0 0 50 50
p/18975568089.jpg 1 0 0 50 50
p/18954248108.jpg 1 0 0 50 50
p/18953355543.jpg 1 0 0 50 50
p/18845197838.jpg 1 0 0 50 50
p/18832636825.jpg 1 0 0 50 50
p/18709617473.jpg 1 0 0 50 50
p/18819932799.jpg 1 0 0 50 50
p/18662275332.jpg 1 0 0 50 50
p/18559140014.jpg 1 0 0 50 50
p/18558518804.jpg 1 0 0 50 50
p/18557509544.jpg 1 0 0 50 50
p/18547151076.jpg 1 0 0 50 50
p/18534915558.jpg 1 0 0 50 50
p/18515111466.jpg 1 0 0 50 50
p/1844288234.jpg 1 0 0 50 50
p/18437005534.jpg 1 0 0 50 50
p/18422224822.jpg 1 0 0 50 50
p/18401852693.jpg 1 0 0 50 50
p/18119171222.jpg 1 0 0 50 50
p/18032928713.jpg 1 0 0 50 50
p/18028266860.jpg 1 0 0 50 50
p/17877774380.jpg 1 0 0 50 50
p/17822624499.jpg 1 0 0 50 50
p/17804069576.jpg 1 0 0 50 50
p/1762814859.jpg 1 0 0 50 50
p/17451437796.jpg 1 0 0 50 50
p/17433100306.jpg 1 0 0 50 50
p/17384821491.jpg 1 0 0 50 50
p/17374001715.jpg 1 0 0 50 50
p/17368542320.jpg 1 0 0 50 50
p/17303484230.jpg 1 0 0 50 50
p/17234220246.jpg 1 0 0 50 50
p/17230558252.jpg 1 0 0 50 50
p/17112035427.jpg 1 0 0 50 50
p/17092838427.jpg 1 0 0 50 50
p/17091126900.jpg 1 0 0 50 50
p/17075605096.jpg 1 0 0 50 50
p/17074340765.jpg 1 0 0 50 50
p/1705215558.jpg 1 0 0 50 50
p/17051952873.jpg 1 0 0 50 50
p/17048259331.jpg 1 0 0 50 50
p/16988974976.jpg 1 0 0 50 50
p/16976020601.jpg 1 0 0 50 50
p/16948214544.jpg 1 0 0 50 50
p/16923839945.jpg 1 0 0 50 50
p/16920923870.jpg 1 0 0 50 50
p/16904908302.jpg 1 0 0 50 50
p/16894382626.jpg 1 0 0 50 50
p/16883358201.jpg 1 0 0 50 50
p/16881714731.jpg 1 0 0 50 50
p/16834380902.jpg 1 0 0 50 50
p/16827841720.jpg 1 0 0 50 50
p/16826293312.jpg 1 0 0 50 50
p/16808846667.jpg 1 0 0 50 50
p/16779014230.jpg 1 0 0 50 50
p/16761655598.jpg 1 0 0 50 50
p/16706074689.jpg 1 0 0 50 50
p/16719315284.jpg 1 0 0 50 50
p/16699765611.jpg 1 0 0 50 50
p/16685769330.jpg 1 0 0 50 50
p/16678688172.jpg 1 0 0 50 50
p/16674130605.jpg 1 0 0 50 50
p/16639398072.jpg 1 0 0 50 50
p/16633612791.jpg 1 0 0 50 50
p/16622027513.jpg 1 0 0 50 50
p/16615873575.jpg 1 0 0 50 50
p/16604929318.jpg 1 0 0 50 50
p/16586250400.jpg 1 0 0 50 50
p/16576760697.jpg 1 0 0 50 50
p/16521603007.jpg 1 0 0 50 50
p/16502073363.jpg 1 0 0 50 50
p/16495326074.jpg 1 0 0 50 50
p/16494272980.jpg 1 0 0 50 50
p/16478311406.jpg 1 0 0 50 50
p/16474073738.jpg 1 0 0 50 50
p/16452528243.jpg 1 0 0 50 50
p/16468279030.jpg 1 0 0 50 50
p/16431293866.jpg 1 0 0 50 50
p/16429713597.jpg 1 0 0 50 50
p/16415255631.jpg 1 0 0 50 50
p/16408823176.jpg 1 0 0 50 50
p/16407122911.jpg 1 0 0 50 50
p/16394604701.jpg 1 0 0 50 50
p/16367374794.jpg 1 0 0 50 50
p/16339162191.jpg 1 0 0 50 50
p/16335191843.jpg 1 0 0 50 50
p/16306662082.jpg 1 0 0 50 50
p/16298216106.jpg 1 0 0 50 50
p/16306038061.jpg 1 0 0 50 50
p/1629586910.jpg 1 0 0 50 50
p/16282427037.jpg 1 0 0 50 50
p/16256301813.jpg 1 0 0 50 50
p/16255688813.jpg 1 0 0 50 50
p/16253764083.jpg 1 0 0 50 50
p/16197025097.jpg 1 0 0 50 50
p/16231517955.jpg 1 0 0 50 50
p/16183318785.jpg 1 0 0 50 50
p/16171293067.jpg 1 0 0 50 50
p/16121246609.jpg 1 0 0 50 50
p/16069193160.jpg 1 0 0 50 50
p/16022267720.jpg 1 0 0 50 50
p/16009849138.jpg 1 0 0 50 50
p/16001967789.jpg 1 0 0 50 50
p/15988079587.jpg 1 0 0 50 50
p/15964723277.jpg 1 0 0 50 50
p/15939207865.jpg 1 0 0 50 50
p/15923807879.jpg 1 0 0 50 50
p/15933376975.jpg 1 0 0 50 50
p/15907598660.jpg 1 0 0 50 50
p/15908464382.jpg 1 0 0 50 50
p/15891550935.jpg 1 0 0 50 50
p/15887066615.jpg 1 0 0 50 50
p/15874430011.jpg 1 0 0 50 50
p/15807740844.jpg 1 0 0 50 50
p/15835167011.jpg 1 0 0 50 50
p/15800067061.jpg 1 0 0 50 50
p/15787699014.jpg 1 0 0 50 50
p/157871420.jpg 1 0 0 50 50
p/15767955558.jpg 1 0 0 50 50
p/15753364703.jpg 1 0 0 50 50
p/15727772904.jpg 1 0 0 50 50
p/15726326732.jpg 1 0 0 50 50
p/15707076040.jpg 1 0 0 50 50
p/15724939720.jpg 1 0 0 50 50
p/15697975533.jpg 1 0 0 50 50
p/15697442470.jpg 1 0 0 50 50
p/15692036411.jpg 1 0 0 50 50
p/15691846493.jpg 1 0 0 50 50
p/15664691334.jpg 1 0 0 50 50
p/15644823715.jpg 1 0 0 50 50
p/15634634829.jpg 1 0 0 50 50
p/15633705270.jpg 1 0 0 50 50
p/15634380540.jpg 1 0 0 50 50
p/15633277916.jpg 1 0 0 50 50
p/15629709911.jpg 1 0 0 50 50
p/15603844779.jpg 1 0 0 50 50
p/15587253221.jpg 1 0 0 50 50
p/15522265379.jpg 1 0 0 50 50
p/15504530403.jpg 1 0 0 50 50
p/15491584415.jpg 1 0 0 50 50
p/15470709392.jpg 1 0 0 50 50
p/15454803520.jpg 1 0 0 50 50
p/15454567833.jpg 1 0 0 50 50
p/15450261308.jpg 1 0 0 50 50
p/15434030907.jpg 1 0 0 50 50
p/15430075932.jpg 1 0 0 50 50
p/15429752372.jpg 1 0 0 50 50
p/15419452562.jpg 1 0 0 50 50
p/15405191768.jpg 1 0 0 50 50
p/15394212739.jpg 1 0 0 50 50
p/15376915608.jpg 1 0 0 50 50
p/15360629536.jpg 1 0 0 50 50
p/15357148685.jpg 1 0 0 50 50
p/15343658565.jpg 1 0 0 50 50
p/15338697326.jpg 1 0 0 50 50
p/15320216640.jpg 1 0 0 50 50
p/15293168261.jpg 1 0 0 50 50
p/15288255671.jpg 1 0 0 50 50
p/15284163069.jpg 1 0 0 50 50
p/15259789492.jpg 1 0 0 50 50
p/15248746931.jpg 1 0 0 50 50
p/15227441490.jpg 1 0 0 50 50
p/15214051925.jpg 1 0 0 50 50
p/15208502394.jpg 1 0 0 50 50
p/15201139694.jpg 1 0 0 50 50
p/1517839143.jpg 1 0 0 50 50
p/15177999304.jpg 1 0 0 50 50
p/15164551727.jpg 1 0 0 50 50
p/15151742393.jpg 1 0 0 50 50
p/15151099385.jpg 1 0 0 50 50
p/15132913278.jpg 1 0 0 50 50
p/15132788670.jpg 1 0 0 50 50
p/15090484112.jpg 1 0 0 50 50
p/15076904631.jpg 1 0 0 50 50
p/14970756891.jpg 1 0 0 50 50
p/15060578810.jpg 1 0 0 50 50
p/14952133489.jpg 1 0 0 50 50
p/14943801942.jpg 1 0 0 50 50
p/14943456314.jpg 1 0 0 50 50
p/14938285627.jpg 1 0 0 50 50
p/14916870836.jpg 1 0 0 50 50
p/14910685036.jpg 1 0 0 50 50
p/14879920460.jpg 1 0 0 50 50
p/14864308737.jpg 1 0 0 50 50
p/14859586794.jpg 1 0 0 50 50
p/14857769113.jpg 1 0 0 50 50
p/14851826470.jpg 1 0 0 50 50
p/14839109535.jpg 1 0 0 50 50
p/14833286378.jpg 1 0 0 50 50
p/14823602261.jpg 1 0 0 50 50
p/14822264521.jpg 1 0 0 50 50
p/14812555386.jpg 1 0 0 50 50
p/14774611956.jpg 1 0 0 50 50
p/14756311300.jpg 1 0 0 50 50
p/1473467064.jpg 1 0 0 50 50
p/14720183669.jpg 1 0 0 50 50
p/14710088336.jpg 1 0 0 50 50
p/14695475453.jpg 1 0 0 50 50
p/14707891521.jpg 1 0 0 50 50
p/14691901941.jpg 1 0 0 50 50
p/1468919913.jpg 1 0 0 50 50
p/14678227306.jpg 1 0 0 50 50
p/14675046397.jpg 1 0 0 50 50
p/14657023129.jpg 1 0 0 50 50
p/14651200735.jpg 1 0 0 50 50
p/14651165587.jpg 1 0 0 50 50
p/14604225634.jpg 1 0 0 50 50
p/14650711812.jpg 1 0 0 50 50
p/14601551699.jpg 1 0 0 50 50
p/14598445690.jpg 1 0 0 50 50
p/14597488974.jpg 1 0 0 50 50
p/14588995329.jpg 1 0 0 50 50
p/14578168034.jpg 1 0 0 50 50
p/14567312237.jpg 1 0 0 50 50
p/14553754817.jpg 1 0 0 50 50
p/14537520220.jpg 1 0 0 50 50
p/14529448807.jpg 1 0 0 50 50
p/14508414031.jpg 1 0 0 50 50
p/14451434970.jpg 1 0 0 50 50
p/14433598087.jpg 1 0 0 50 50
p/14408132529.jpg 1 0 0 50 50
p/14400525261.jpg 1 0 0 50 50
p/14378504399.jpg 1 0 0 50 50
p/14349092958.jpg 1 0 0 50 50
p/14359006697.jpg 1 0 0 50 50
p/14298125031.jpg 1 0 0 50 50
p/1429081443.jpg 1 0 0 50 50
p/14261339291.jpg 1 0 0 50 50
p/14258172997.jpg 1 0 0 50 50
p/14219183733.jpg 1 0 0 50 50
p/14124984481.jpg 1 0 0 50 50
p/14096584039.jpg 1 0 0 50 50
p/14085737101.jpg 1 0 0 50 50
p/14045122364.jpg 1 0 0 50 50
p/14071800670.jpg 1 0 0 50 50
p/14038260283.jpg 1 0 0 50 50
p/14023906233.jpg 1 0 0 50 50
p/14013851893.jpg 1 0 0 50 50
p/14003625015.jpg 1 0 0 50 50
p/13982524566.jpg 1 0 0 50 50
p/13977138042.jpg 1 0 0 50 50
p/139432484.jpg 1 0 0 50 50
p/13937085949.jpg 1 0 0 50 50
p/13889221858.jpg 1 0 0 50 50
p/13878913274.jpg 1 0 0 50 50
p/13872388925.jpg 1 0 0 50 50
p/13782869185.jpg 1 0 0 50 50
p/13753746864.jpg 1 0 0 50 50
p/13550813405.jpg 1 0 0 50 50
p/13606712635.jpg 1 0 0 50 50
p/13500407153.jpg 1 0 0 50 50
p/13412189864.jpg 1 0 0 50 50
p/13114988124.jpg 1 0 0 50 50
p/13066247475.jpg 1 0 0 50 50
p/13045971285.jpg 1 0 0 50 50
p/13064341913.jpg 1 0 0 50 50
p/13008255283.jpg 1 0 0 50 50
p/12885006163.jpg 1 0 0 50 50
p/12934538313.jpg 1 0 0 50 50
p/12884838323.jpg 1 0 0 50 50
p/12781893623.jpg 1 0 0 50 50
p/12755014475.jpg 1 0 0 50 50
p/12729312373.jpg 1 0 0 50 50
p/12684648364.jpg 1 0 0 50 50
p/12680884494.jpg 1 0 0 50 50
p/1235551628.jpg 1 0 0 50 50
p/12523519745.jpg 1 0 0 50 50
p/12229656214.jpg 1 0 0 50 50
p/12192294196.jpg 1 0 0 50 50
p/1216534079.jpg 1 0 0 50 50
p/12093920136.jpg 1 0 0 50 50
p/12029715503.jpg 1 0 0 50 50
p/11918275616.jpg 1 0 0 50 50
p/11883177224.jpg 1 0 0 50 50
p/11808050114.jpg 1 0 0 50 50
p/11754807864.jpg 1 0 0 50 50
p/11749539833.jpg 1 0 0 50 50
p/11733550176.jpg 1 0 0 50 50
p/11686537935.jpg 1 0 0 50 50
p/11611424496.jpg 1 0 0 50 50
p/11582664783.jpg 1 0 0 50 50
p/11555889745.jpg 1 0 0 50 50
p/11545504176.jpg 1 0 0 50 50
p/11440195256.jpg 1 0 0 50 50
p/11345784946.jpg 1 0 0 50 50
p/11239893764.jpg 1 0 0 50 50
p/11185993376.jpg 1 0 0 50 50
p/11101570644.jpg 1 0 0 50 50
p/11018436365.jpg 1 0 0 50 50
p/10980783616.jpg 1 0 0 50 50
p/10977878505.jpg 1 0 0 50 50
p/1085228212.jpg 1 0 0 50 50
p/10727263806.jpg 1 0 0 50 50
p/10694865676.jpg 1 0 0 50 50
p/10682301006.jpg 1 0 0 50 50
p/106586685.jpg 1 0 0 50 50
p/10621639055.jpg 1 0 0 50 50
p/10621620445.jpg 1 0 0 50 50
p/10611392273.jpg 1 0 0 50 50
p/10610547114.jpg 1 0 0 50 50
p/10604461743.jpg 1 0 0 50 50
p/10552714583.jpg 1 0 0 50 50
p/10537209533.jpg 1 0 0 50 50
p/10519993333.jpg 1 0 0 50 50
p/10513902384.jpg 1 0 0 50 50
p/10480197565.jpg 1 0 0 50 50
p/10438483856.jpg 1 0 0 50 50
p/10422066874.jpg 1 0 0 50 50
p/10309797736.jpg 1 0 0 50 50
p/10296629403.jpg 1 0 0 50 50
p/10290519413.jpg 1 0 0 50 50
p/10202214215.jpg 1 0 0 50 50
p/10167829185.jpg 1 0 0 50 50
p/10159492213.jpg 1 0 0 50 50
p/10159383554.jpg 1 0 0 50 50
p/10137831506.jpg 1 0 0 50 50
p/10137707764.jpg 1 0 0 50 50
p/10135616363.jpg 1 0 0 50 50
p/10123048915.jpg 1 0 0 50 50
p/10098524133.jpg 1 0 0 50 50
p/10091163694.jpg 1 0 0 50 50
p/10080586415.jpg 1 0 0 50 50
p/10072674533.jpg 1 0 0 50 50
p/10057847513.jpg 1 0 0 50 50
p/10029577033.jpg 1 0 0 50 50
p/10003352313.jpg 1 0 0 50 50
p/10003218875.jpg 1 0 0 50 50